<?xml version="1.0" encoding="utf-8" standalone="no"?>
<test-results xmlns:xsi="http://www.w3.org/2001/XMLSchema-instance" xsi:noNamespaceSchemaLocation="nunit_schema_2.5.xsd" name="Pester" total="70" errors="0" failures="0" not-run="0" inconclusive="0" ignored="0" skipped="0" invalid="0" date="2019-02-11" time="21:44:38">
  <environment user="appveyor" machine-name="APPVYR-WIN" cwd="C:\projects\install-visualcredistributables" user-domain="APPVYR-WIN" platform="Microsoft Windows Server 2012 R2 Datacenter|C:\windows|\Device\Harddisk0\Partition5" nunit-version="2.5.8.0" os-version="6.3.9600" clr-version="4.0.30319.42000" />
  <culture-info current-culture="en-US" current-uiculture="en-US" />
  <test-suite type="TestFixture" name="Pester" executed="True" result="Success" success="True" time="20.0449" asserts="0" description="Pester">
    <results>
      <test-suite type="TestFixture" name="C:\projects\install-visualcredistributables\tests\Main.Tests.ps1" executed="True" result="Success" success="True" time="14.6102" asserts="0" description="C:\projects\install-visualcredistributables\tests\Main.Tests.ps1">
        <results>
          <test-suite type="TestFixture" name="General project validation" executed="True" result="Success" success="True" time="12.5229" asserts="0" description="General project validation">
            <results>
              <test-suite type="ParameterizedTest" name="General project validation.Script &lt;file&gt; should be valid PowerShell" executed="True" result="Success" success="True" time="0.6108" asserts="0" description="Script &lt;file&gt; should be valid PowerShell">
                <results>
                  <test-case description="Script C:\projects\install-visualcredistributables\VcRedist\Private\Compare-VersionNumber.ps1 should be valid PowerShell" name="General project validation.Script C:\projects\install-visualcredistributables\VcRedist\Private\Compare-VersionNumber.ps1 should be valid PowerShell" time="0.4303" asserts="0" success="True" result="Success" executed="True" />
                  <test-case description="Script C:\projects\install-visualcredistributables\VcRedist\Private\Get-Bitness.ps1 should be valid PowerShell" name="General project validation.Script C:\projects\install-visualcredistributables\VcRedist\Private\Get-Bitness.ps1 should be valid PowerShell" time="0.0275" asserts="0" success="True" result="Success" executed="True" />
                  <test-case description="Script C:\projects\install-visualcredistributables\VcRedist\Private\Get-FileMetadata.ps1 should be valid PowerShell" name="General project validation.Script C:\projects\install-visualcredistributables\VcRedist\Private\Get-FileMetadata.ps1 should be valid PowerShell" time="0.0104" asserts="0" success="True" result="Success" executed="True" />
                  <test-case description="Script C:\projects\install-visualcredistributables\VcRedist\Private\Get-InstalledSoftware.ps1 should be valid PowerShell" name="General project validation.Script C:\projects\install-visualcredistributables\VcRedist\Private\Get-InstalledSoftware.ps1 should be valid PowerShell" time="0.0109" asserts="0" success="True" result="Success" executed="True" />
                  <test-case description="Script C:\projects\install-visualcredistributables\VcRedist\Private\Get-ValidPath.ps1 should be valid PowerShell" name="General project validation.Script C:\projects\install-visualcredistributables\VcRedist\Private\Get-ValidPath.ps1 should be valid PowerShell" time="0.0093" asserts="0" success="True" result="Success" executed="True" />
                  <test-case description="Script C:\projects\install-visualcredistributables\VcRedist\Private\Invoke-Process.ps1 should be valid PowerShell" name="General project validation.Script C:\projects\install-visualcredistributables\VcRedist\Private\Invoke-Process.ps1 should be valid PowerShell" time="0.0109" asserts="0" success="True" result="Success" executed="True" />
                  <test-case description="Script C:\projects\install-visualcredistributables\VcRedist\Private\Test-PSCore.ps1 should be valid PowerShell" name="General project validation.Script C:\projects\install-visualcredistributables\VcRedist\Private\Test-PSCore.ps1 should be valid PowerShell" time="0.0136" asserts="0" success="True" result="Success" executed="True" />
                  <test-case description="Script C:\projects\install-visualcredistributables\VcRedist\Public\Export-VcXml.ps1 should be valid PowerShell" name="General project validation.Script C:\projects\install-visualcredistributables\VcRedist\Public\Export-VcXml.ps1 should be valid PowerShell" time="0.0108" asserts="0" success="True" result="Success" executed="True" />
                  <test-case description="Script C:\projects\install-visualcredistributables\VcRedist\Public\Get-InstalledVcRedist.ps1 should be valid PowerShell" name="General project validation.Script C:\projects\install-visualcredistributables\VcRedist\Public\Get-InstalledVcRedist.ps1 should be valid PowerShell" time="0.0091" asserts="0" success="True" result="Success" executed="True" />
                  <test-case description="Script C:\projects\install-visualcredistributables\VcRedist\Public\Get-VcList.ps1 should be valid PowerShell" name="General project validation.Script C:\projects\install-visualcredistributables\VcRedist\Public\Get-VcList.ps1 should be valid PowerShell" time="0.0305" asserts="0" success="True" result="Success" executed="True" />
                  <test-case description="Script C:\projects\install-visualcredistributables\VcRedist\Public\Get-VcRedist.ps1 should be valid PowerShell" name="General project validation.Script C:\projects\install-visualcredistributables\VcRedist\Public\Get-VcRedist.ps1 should be valid PowerShell" time="0.0105" asserts="0" success="True" result="Success" executed="True" />
                  <test-case description="Script C:\projects\install-visualcredistributables\VcRedist\Public\Import-VcCmApp.ps1 should be valid PowerShell" name="General project validation.Script C:\projects\install-visualcredistributables\VcRedist\Public\Import-VcCmApp.ps1 should be valid PowerShell" time="0.0086" asserts="0" success="True" result="Success" executed="True" />
                  <test-case description="Script C:\projects\install-visualcredistributables\VcRedist\Public\Import-VcMdtApp.ps1 should be valid PowerShell" name="General project validation.Script C:\projects\install-visualcredistributables\VcRedist\Public\Import-VcMdtApp.ps1 should be valid PowerShell" time="0.0123" asserts="0" success="True" result="Success" executed="True" />
                  <test-case description="Script C:\projects\install-visualcredistributables\VcRedist\Public\Install-VcRedist.ps1 should be valid PowerShell" name="General project validation.Script C:\projects\install-visualcredistributables\VcRedist\Public\Install-VcRedist.ps1 should be valid PowerShell" time="0.0072" asserts="0" success="True" result="Success" executed="True" />
                  <test-case description="Script C:\projects\install-visualcredistributables\VcRedist\VcRedist.psm1 should be valid PowerShell" name="General project validation.Script C:\projects\install-visualcredistributables\VcRedist\VcRedist.psm1 should be valid PowerShell" time="0.0087" asserts="0" success="True" result="Success" executed="True" />
                </results>
              </test-suite>
              <test-suite type="ParameterizedTest" name="General project validation.&lt;file&gt; should pass ScriptAnalyzer" executed="True" result="Success" success="True" time="9.7789" asserts="0" description="&lt;file&gt; should pass ScriptAnalyzer">
                <results>
                  <test-case description="C:\projects\install-visualcredistributables\VcRedist\Private\Compare-VersionNumber.ps1 should pass ScriptAnalyzer" name="General project validation.C:\projects\install-visualcredistributables\VcRedist\Private\Compare-VersionNumber.ps1 should pass ScriptAnalyzer" time="0.6837" asserts="0" success="True" result="Success" executed="True" />
                  <test-case description="C:\projects\install-visualcredistributables\VcRedist\Private\Get-Bitness.ps1 should pass ScriptAnalyzer" name="General project validation.C:\projects\install-visualcredistributables\VcRedist\Private\Get-Bitness.ps1 should pass ScriptAnalyzer" time="0.2204" asserts="0" success="True" result="Success" executed="True" />
                  <test-case description="C:\projects\install-visualcredistributables\VcRedist\Private\Get-FileMetadata.ps1 should pass ScriptAnalyzer" name="General project validation.C:\projects\install-visualcredistributables\VcRedist\Private\Get-FileMetadata.ps1 should pass ScriptAnalyzer" time="1.4538" asserts="0" success="True" result="Success" executed="True" />
                  <test-case description="C:\projects\install-visualcredistributables\VcRedist\Private\Get-InstalledSoftware.ps1 should pass ScriptAnalyzer" name="General project validation.C:\projects\install-visualcredistributables\VcRedist\Private\Get-InstalledSoftware.ps1 should pass ScriptAnalyzer" time="0.5102" asserts="0" success="True" result="Success" executed="True" />
                  <test-case description="C:\projects\install-visualcredistributables\VcRedist\Private\Get-ValidPath.ps1 should pass ScriptAnalyzer" name="General project validation.C:\projects\install-visualcredistributables\VcRedist\Private\Get-ValidPath.ps1 should pass ScriptAnalyzer" time="0.3172" asserts="0" success="True" result="Success" executed="True" />
                  <test-case description="C:\projects\install-visualcredistributables\VcRedist\Private\Invoke-Process.ps1 should pass ScriptAnalyzer" name="General project validation.C:\projects\install-visualcredistributables\VcRedist\Private\Invoke-Process.ps1 should pass ScriptAnalyzer" time="1.0896" asserts="0" success="True" result="Success" executed="True" />
                  <test-case description="C:\projects\install-visualcredistributables\VcRedist\Private\Test-PSCore.ps1 should pass ScriptAnalyzer" name="General project validation.C:\projects\install-visualcredistributables\VcRedist\Private\Test-PSCore.ps1 should pass ScriptAnalyzer" time="0.1679" asserts="0" success="True" result="Success" executed="True" />
                  <test-case description="C:\projects\install-visualcredistributables\VcRedist\Public\Export-VcXml.ps1 should pass ScriptAnalyzer" name="General project validation.C:\projects\install-visualcredistributables\VcRedist\Public\Export-VcXml.ps1 should pass ScriptAnalyzer" time="0.4774" asserts="0" success="True" result="Success" executed="True" />
                  <test-case description="C:\projects\install-visualcredistributables\VcRedist\Public\Get-InstalledVcRedist.ps1 should pass ScriptAnalyzer" name="General project validation.C:\projects\install-visualcredistributables\VcRedist\Public\Get-InstalledVcRedist.ps1 should pass ScriptAnalyzer" time="0.4444" asserts="0" success="True" result="Success" executed="True" />
                  <test-case description="C:\projects\install-visualcredistributables\VcRedist\Public\Get-VcList.ps1 should pass ScriptAnalyzer" name="General project validation.C:\projects\install-visualcredistributables\VcRedist\Public\Get-VcList.ps1 should pass ScriptAnalyzer" time="0.3528" asserts="0" success="True" result="Success" executed="True" />
                  <test-case description="C:\projects\install-visualcredistributables\VcRedist\Public\Get-VcRedist.ps1 should pass ScriptAnalyzer" name="General project validation.C:\projects\install-visualcredistributables\VcRedist\Public\Get-VcRedist.ps1 should pass ScriptAnalyzer" time="0.9893" asserts="0" success="True" result="Success" executed="True" />
                  <test-case description="C:\projects\install-visualcredistributables\VcRedist\Public\Import-VcCmApp.ps1 should pass ScriptAnalyzer" name="General project validation.C:\projects\install-visualcredistributables\VcRedist\Public\Import-VcCmApp.ps1 should pass ScriptAnalyzer" time="1.1443" asserts="0" success="True" result="Success" executed="True" />
                  <test-case description="C:\projects\install-visualcredistributables\VcRedist\Public\Import-VcMdtApp.ps1 should pass ScriptAnalyzer" name="General project validation.C:\projects\install-visualcredistributables\VcRedist\Public\Import-VcMdtApp.ps1 should pass ScriptAnalyzer" time="0.6997" asserts="0" success="True" result="Success" executed="True" />
                  <test-case description="C:\projects\install-visualcredistributables\VcRedist\Public\Install-VcRedist.ps1 should pass ScriptAnalyzer" name="General project validation.C:\projects\install-visualcredistributables\VcRedist\Public\Install-VcRedist.ps1 should pass ScriptAnalyzer" time="1.1424" asserts="0" success="True" result="Success" executed="True" />
                  <test-case description="C:\projects\install-visualcredistributables\VcRedist\VcRedist.psm1 should pass ScriptAnalyzer" name="General project validation.C:\projects\install-visualcredistributables\VcRedist\VcRedist.psm1 should pass ScriptAnalyzer" time="0.0859" asserts="0" success="True" result="Success" executed="True" />
                </results>
              </test-suite>
            </results>
          </test-suite>
          <test-suite type="TestFixture" name="Function validation" executed="True" result="Success" success="True" time="1.8993" asserts="0" description="Function validation">
            <results>
              <test-suite type="ParameterizedTest" name="Function validation.Script &lt;file&gt; should only contain one function" executed="True" result="Success" success="True" time="0.3827" asserts="0" description="Script &lt;file&gt; should only contain one function">
                <results>
                  <test-case description="Script C:\projects\install-visualcredistributables\VcRedist\Private\Compare-VersionNumber.ps1 should only contain one function" name="Function validation.Script C:\projects\install-visualcredistributables\VcRedist\Private\Compare-VersionNumber.ps1 should only contain one function" time="0.074" asserts="0" success="True" result="Success" executed="True" />
                  <test-case description="Script C:\projects\install-visualcredistributables\VcRedist\Private\Get-Bitness.ps1 should only contain one function" name="Function validation.Script C:\projects\install-visualcredistributables\VcRedist\Private\Get-Bitness.ps1 should only contain one function" time="0.0145" asserts="0" success="True" result="Success" executed="True" />
                  <test-case description="Script C:\projects\install-visualcredistributables\VcRedist\Private\Get-FileMetadata.ps1 should only contain one function" name="Function validation.Script C:\projects\install-visualcredistributables\VcRedist\Private\Get-FileMetadata.ps1 should only contain one function" time="0.0288" asserts="0" success="True" result="Success" executed="True" />
                  <test-case description="Script C:\projects\install-visualcredistributables\VcRedist\Private\Get-InstalledSoftware.ps1 should only contain one function" name="Function validation.Script C:\projects\install-visualcredistributables\VcRedist\Private\Get-InstalledSoftware.ps1 should only contain one function" time="0.1214" asserts="0" success="True" result="Success" executed="True" />
                  <test-case description="Script C:\projects\install-visualcredistributables\VcRedist\Private\Get-ValidPath.ps1 should only contain one function" name="Function validation.Script C:\projects\install-visualcredistributables\VcRedist\Private\Get-ValidPath.ps1 should only contain one function" time="0.0131" asserts="0" success="True" result="Success" executed="True" />
                  <test-case description="Script C:\projects\install-visualcredistributables\VcRedist\Private\Invoke-Process.ps1 should only contain one function" name="Function validation.Script C:\projects\install-visualcredistributables\VcRedist\Private\Invoke-Process.ps1 should only contain one function" time="0.0123" asserts="0" success="True" result="Success" executed="True" />
                  <test-case description="Script C:\projects\install-visualcredistributables\VcRedist\Private\Test-PSCore.ps1 should only contain one function" name="Function validation.Script C:\projects\install-visualcredistributables\VcRedist\Private\Test-PSCore.ps1 should only contain one function" time="0.0097" asserts="0" success="True" result="Success" executed="True" />
                  <test-case description="Script C:\projects\install-visualcredistributables\VcRedist\Public\Export-VcXml.ps1 should only contain one function" name="Function validation.Script C:\projects\install-visualcredistributables\VcRedist\Public\Export-VcXml.ps1 should only contain one function" time="0.0096" asserts="0" success="True" result="Success" executed="True" />
                  <test-case description="Script C:\projects\install-visualcredistributables\VcRedist\Public\Get-InstalledVcRedist.ps1 should only contain one function" name="Function validation.Script C:\projects\install-visualcredistributables\VcRedist\Public\Get-InstalledVcRedist.ps1 should only contain one function" time="0.0139" asserts="0" success="True" result="Success" executed="True" />
                  <test-case description="Script C:\projects\install-visualcredistributables\VcRedist\Public\Get-VcList.ps1 should only contain one function" name="Function validation.Script C:\projects\install-visualcredistributables\VcRedist\Public\Get-VcList.ps1 should only contain one function" time="0.0125" asserts="0" success="True" result="Success" executed="True" />
                  <test-case description="Script C:\projects\install-visualcredistributables\VcRedist\Public\Get-VcRedist.ps1 should only contain one function" name="Function validation.Script C:\projects\install-visualcredistributables\VcRedist\Public\Get-VcRedist.ps1 should only contain one function" time="0.0227" asserts="0" success="True" result="Success" executed="True" />
                  <test-case description="Script C:\projects\install-visualcredistributables\VcRedist\Public\Import-VcCmApp.ps1 should only contain one function" name="Function validation.Script C:\projects\install-visualcredistributables\VcRedist\Public\Import-VcCmApp.ps1 should only contain one function" time="0.0172" asserts="0" success="True" result="Success" executed="True" />
                  <test-case description="Script C:\projects\install-visualcredistributables\VcRedist\Public\Import-VcMdtApp.ps1 should only contain one function" name="Function validation.Script C:\projects\install-visualcredistributables\VcRedist\Public\Import-VcMdtApp.ps1 should only contain one function" time="0.0182" asserts="0" success="True" result="Success" executed="True" />
                  <test-case description="Script C:\projects\install-visualcredistributables\VcRedist\Public\Install-VcRedist.ps1 should only contain one function" name="Function validation.Script C:\projects\install-visualcredistributables\VcRedist\Public\Install-VcRedist.ps1 should only contain one function" time="0.0149" asserts="0" success="True" result="Success" executed="True" />
                </results>
              </test-suite>
              <test-suite type="ParameterizedTest" name="Function validation.&lt;file&gt; should match function name" executed="True" result="Success" success="True" time="0.3832" asserts="0" description="&lt;file&gt; should match function name">
                <results>
                  <test-case description="C:\projects\install-visualcredistributables\VcRedist\Private\Compare-VersionNumber.ps1 should match function name" name="Function validation.C:\projects\install-visualcredistributables\VcRedist\Private\Compare-VersionNumber.ps1 should match function name" time="0.0457" asserts="0" success="True" result="Success" executed="True" />
                  <test-case description="C:\projects\install-visualcredistributables\VcRedist\Private\Get-Bitness.ps1 should match function name" name="Function validation.C:\projects\install-visualcredistributables\VcRedist\Private\Get-Bitness.ps1 should match function name" time="0.0099" asserts="0" success="True" result="Success" executed="True" />
                  <test-case description="C:\projects\install-visualcredistributables\VcRedist\Private\Get-FileMetadata.ps1 should match function name" name="Function validation.C:\projects\install-visualcredistributables\VcRedist\Private\Get-FileMetadata.ps1 should match function name" time="0.0206" asserts="0" success="True" result="Success" executed="True" />
                  <test-case description="C:\projects\install-visualcredistributables\VcRedist\Private\Get-InstalledSoftware.ps1 should match function name" name="Function validation.C:\projects\install-visualcredistributables\VcRedist\Private\Get-InstalledSoftware.ps1 should match function name" time="0.1202" asserts="0" success="True" result="Success" executed="True" />
                  <test-case description="C:\projects\install-visualcredistributables\VcRedist\Private\Get-ValidPath.ps1 should match function name" name="Function validation.C:\projects\install-visualcredistributables\VcRedist\Private\Get-ValidPath.ps1 should match function name" time="0.0121" asserts="0" success="True" result="Success" executed="True" />
                  <test-case description="C:\projects\install-visualcredistributables\VcRedist\Private\Invoke-Process.ps1 should match function name" name="Function validation.C:\projects\install-visualcredistributables\VcRedist\Private\Invoke-Process.ps1 should match function name" time="0.0275" asserts="0" success="True" result="Success" executed="True" />
                  <test-case description="C:\projects\install-visualcredistributables\VcRedist\Private\Test-PSCore.ps1 should match function name" name="Function validation.C:\projects\install-visualcredistributables\VcRedist\Private\Test-PSCore.ps1 should match function name" time="0.0152" asserts="0" success="True" result="Success" executed="True" />
                  <test-case description="C:\projects\install-visualcredistributables\VcRedist\Public\Export-VcXml.ps1 should match function name" name="Function validation.C:\projects\install-visualcredistributables\VcRedist\Public\Export-VcXml.ps1 should match function name" time="0.0125" asserts="0" success="True" result="Success" executed="True" />
                  <test-case description="C:\projects\install-visualcredistributables\VcRedist\Public\Get-InstalledVcRedist.ps1 should match function name" name="Function validation.C:\projects\install-visualcredistributables\VcRedist\Public\Get-InstalledVcRedist.ps1 should match function name" time="0.0173" asserts="0" success="True" result="Success" executed="True" />
                  <test-case description="C:\projects\install-visualcredistributables\VcRedist\Public\Get-VcList.ps1 should match function name" name="Function validation.C:\projects\install-visualcredistributables\VcRedist\Public\Get-VcList.ps1 should match function name" time="0.0133" asserts="0" success="True" result="Success" executed="True" />
                  <test-case description="C:\projects\install-visualcredistributables\VcRedist\Public\Get-VcRedist.ps1 should match function name" name="Function validation.C:\projects\install-visualcredistributables\VcRedist\Public\Get-VcRedist.ps1 should match function name" time="0.0134" asserts="0" success="True" result="Success" executed="True" />
                  <test-case description="C:\projects\install-visualcredistributables\VcRedist\Public\Import-VcCmApp.ps1 should match function name" name="Function validation.C:\projects\install-visualcredistributables\VcRedist\Public\Import-VcCmApp.ps1 should match function name" time="0.0201" asserts="0" success="True" result="Success" executed="True" />
                  <test-case description="C:\projects\install-visualcredistributables\VcRedist\Public\Import-VcMdtApp.ps1 should match function name" name="Function validation.C:\projects\install-visualcredistributables\VcRedist\Public\Import-VcMdtApp.ps1 should match function name" time="0.029" asserts="0" success="True" result="Success" executed="True" />
                  <test-case description="C:\projects\install-visualcredistributables\VcRedist\Public\Install-VcRedist.ps1 should match function name" name="Function validation.C:\projects\install-visualcredistributables\VcRedist\Public\Install-VcRedist.ps1 should match function name" time="0.0264" asserts="0" success="True" result="Success" executed="True" />
                </results>
              </test-suite>
            </results>
          </test-suite>
        </results>
      </test-suite>
      <test-suite type="TestFixture" name="C:\projects\install-visualcredistributables\tests\Module.Tests.ps1" executed="True" result="Success" success="True" time="0.17" asserts="0" description="C:\projects\install-visualcredistributables\tests\Module.Tests.ps1">
        <results>
          <test-suite type="TestFixture" name="Module Metadata Validation" executed="True" result="Success" success="True" time="0.1503" asserts="0" description="Module Metadata Validation">
            <results>
              <test-case description="Script fileinfo should be OK" name="Module Metadata Validation.Script fileinfo should be OK" time="0.0439" asserts="0" success="True" result="Success" executed="True" />
              <test-case description="Import module should be OK" name="Module Metadata Validation.Import module should be OK" time="0.0685" asserts="0" success="True" result="Success" executed="True" />
            </results>
          </test-suite>
        </results>
      </test-suite>
      <test-suite type="TestFixture" name="C:\projects\install-visualcredistributables\tests\PrivateFunctions.Tests.ps1" executed="True" result="Success" success="True" time="0.1661" asserts="0" description="C:\projects\install-visualcredistributables\tests\PrivateFunctions.Tests.ps1">
        <results />
      </test-suite>
      <test-suite type="TestFixture" name="C:\projects\install-visualcredistributables\tests\PublicFunctions.Tests.ps1" executed="True" result="Success" success="True" time="5.0986" asserts="0" description="C:\projects\install-visualcredistributables\tests\PublicFunctions.Tests.ps1">
        <results>
          <test-suite type="TestFixture" name="Get-VcList" executed="True" result="Success" success="True" time="0.7771" asserts="0" description="Get-VcList">
            <results>
              <test-suite type="TestFixture" name="Return built-in manifest" executed="True" result="Success" success="True" time="0.4544" asserts="0" description="Return built-in manifest">
                <results>
                  <test-case description="Given no parameters, it returns supported Visual C++ Redistributables" name="Get-VcList.Return built-in manifest.Given no parameters, it returns supported Visual C++ Redistributables" time="0.179" asserts="0" success="True" result="Success" executed="True" />
                  <test-case description="Given valid parameter -Export 'All', it returns all Visual C++ Redistributables" name="Get-VcList.Return built-in manifest.Given valid parameter -Export 'All', it returns all Visual C++ Redistributables" time="0.1386" asserts="0" success="True" result="Success" executed="True" />
                </results>
              </test-suite>
              <test-suite type="TestFixture" name="Return external manifest" executed="True" result="Success" success="True" time="0.1244" asserts="0" description="Return external manifest">
                <results>
                  <test-case description="Given valid parameter -Xml, it returns Visual C++ Redistributables from an external manifest" name="Get-VcList.Return external manifest.Given valid parameter -Xml, it returns Visual C++ Redistributables from an external manifest" time="0.0952" asserts="0" success="True" result="Success" executed="True" />
                </results>
              </test-suite>
              <test-suite type="TestFixture" name="Test fail scenarios" executed="True" result="Success" success="True" time="0.1313" asserts="0" description="Test fail scenarios">
                <results>
                  <test-case description="Given an XML file that does not exist, it should throw an error" name="Get-VcList.Test fail scenarios.Given an XML file that does not exist, it should throw an error" time="0.0673" asserts="0" success="True" result="Success" executed="True" />
                  <test-case description="Given an invalid XML file, should throw an error on read" name="Get-VcList.Test fail scenarios.Given an invalid XML file, should throw an error on read" time="0.0262" asserts="0" success="True" result="Success" executed="True" />
                </results>
              </test-suite>
            </results>
          </test-suite>
          <test-suite type="TestFixture" name="Export-VcXml" executed="True" result="Success" success="True" time="0.3001" asserts="0" description="Export-VcXml">
            <results>
              <test-suite type="TestFixture" name="Export manifest" executed="True" result="Success" success="True" time="0.0613" asserts="0" description="Export manifest">
                <results>
                  <test-case description="Given valid parameter -Path, it exports an XML file" name="Export-VcXml.Export manifest.Given valid parameter -Path, it exports an XML file" time="0.0206" asserts="0" success="True" result="Success" executed="True" />
                </results>
              </test-suite>
              <test-suite type="TestFixture" name="Export and read manifest" executed="True" result="Success" success="True" time="0.164" asserts="0" description="Export and read manifest">
                <results>
                  <test-case description="Given valid parameter -Path, it exports an XML file" name="Export-VcXml.Export and read manifest.Given valid parameter -Path, it exports an XML file" time="0.1366" asserts="0" success="True" result="Success" executed="True" />
                </results>
              </test-suite>
              <test-suite type="TestFixture" name="Test fail scenarios" executed="True" result="Success" success="True" time="0.0294" asserts="0" description="Test fail scenarios">
                <results>
                  <test-case description="Given an invalid path, it should throw an error" name="Export-VcXml.Test fail scenarios.Given an invalid path, it should throw an error" time="0.0078" asserts="0" success="True" result="Success" executed="True" />
                </results>
              </test-suite>
            </results>
          </test-suite>
          <test-suite type="TestFixture" name="Get-VcRedist" executed="True" result="Success" success="True" time="3.9974" asserts="0" description="Get-VcRedist">
            <results>
              <test-suite type="TestFixture" name="Download Redistributables" executed="True" result="Success" success="True" time="3.9095" asserts="0" description="Download Redistributables">
                <results>
                  <test-case description="Downloads supported Visual C++ Redistributables" name="Get-VcRedist.Download Redistributables.Downloads supported Visual C++ Redistributables" time="3.8813" asserts="0" success="True" result="Success" executed="True" />
                </results>
              </test-suite>
              <test-suite type="TestFixture" name="Test fail scenarios" executed="True" result="Success" success="True" time="0.0557" asserts="0" description="Test fail scenarios">
                <results>
                  <test-case description="Given an invalid path, it should throw an error" name="Get-VcRedist.Test fail scenarios.Given an invalid path, it should throw an error" time="0.0093" asserts="0" success="True" result="Success" executed="True" />
                </results>
              </test-suite>
            </results>
          </test-suite>
        </results>
      </test-suite>
    </results>
  </test-suite>
</test-results>