<?xml version="1.0" encoding="utf-8" standalone="no"?>
<test-results xmlns:xsi="http://www.w3.org/2001/XMLSchema-instance" xsi:noNamespaceSchemaLocation="nunit_schema_2.5.xsd" name="Pester" total="190" errors="0" failures="0" not-run="0" inconclusive="0" ignored="0" skipped="0" invalid="0" date="2019-10-18" time="11:05:11">
  <environment clr-version="4.0.30319.42000" user-domain="APPVYR-WIN" cwd="C:\Projects\VcRedist" platform="Microsoft Windows Server 2012 R2 Datacenter|C:\windows|\Device\Harddisk0\Partition5" machine-name="APPVYR-WIN" nunit-version="2.5.8.0" os-version="6.3.9600" user="appveyor" />
  <culture-info current-culture="en-US" current-uiculture="en-US" />
  <test-suite type="TestFixture" name="Pester" executed="True" result="Success" success="True" time="217.5939" asserts="0" description="Pester">
    <results>
      <test-suite type="TestFixture" name="C:\Projects\VcRedist\tests\Main.Tests.ps1" executed="True" result="Success" success="True" time="6.2867" asserts="0" description="C:\Projects\VcRedist\tests\Main.Tests.ps1">
        <results>
          <test-suite type="TestFixture" name="General project validation" executed="True" result="Success" success="True" time="5.3409" asserts="0" description="General project validation">
            <results>
              <test-suite type="ParameterizedTest" name="General project validation.Script &lt;file&gt; should be valid PowerShell" executed="True" result="Success" success="True" time="0.4616" asserts="0" description="Script &lt;file&gt; should be valid PowerShell">
                <results>
                  <test-case description="Script C:\Projects\VcRedist\VcRedist\Private\Compare-VersionNumber.ps1 should be valid PowerShell" name="General project validation.Script C:\Projects\VcRedist\VcRedist\Private\Compare-VersionNumber.ps1 should be valid PowerShell" time="0.3064" asserts="0" success="True" result="Success" executed="True" />
                  <test-case description="Script C:\Projects\VcRedist\VcRedist\Private\Get-Bitness.ps1 should be valid PowerShell" name="General project validation.Script C:\Projects\VcRedist\VcRedist\Private\Get-Bitness.ps1 should be valid PowerShell" time="0.0118" asserts="0" success="True" result="Success" executed="True" />
                  <test-case description="Script C:\Projects\VcRedist\VcRedist\Private\Get-FileMetadata.ps1 should be valid PowerShell" name="General project validation.Script C:\Projects\VcRedist\VcRedist\Private\Get-FileMetadata.ps1 should be valid PowerShell" time="0.0062" asserts="0" success="True" result="Success" executed="True" />
                  <test-case description="Script C:\Projects\VcRedist\VcRedist\Private\Get-InstalledSoftware.ps1 should be valid PowerShell" name="General project validation.Script C:\Projects\VcRedist\VcRedist\Private\Get-InstalledSoftware.ps1 should be valid PowerShell" time="0.006" asserts="0" success="True" result="Success" executed="True" />
                  <test-case description="Script C:\Projects\VcRedist\VcRedist\Private\Get-ValidPath.ps1 should be valid PowerShell" name="General project validation.Script C:\Projects\VcRedist\VcRedist\Private\Get-ValidPath.ps1 should be valid PowerShell" time="0.0223" asserts="0" success="True" result="Success" executed="True" />
                  <test-case description="Script C:\Projects\VcRedist\VcRedist\Private\Import-MdtModule.ps1 should be valid PowerShell" name="General project validation.Script C:\Projects\VcRedist\VcRedist\Private\Import-MdtModule.ps1 should be valid PowerShell" time="0.0056" asserts="0" success="True" result="Success" executed="True" />
                  <test-case description="Script C:\Projects\VcRedist\VcRedist\Private\Invoke-Process.ps1 should be valid PowerShell" name="General project validation.Script C:\Projects\VcRedist\VcRedist\Private\Invoke-Process.ps1 should be valid PowerShell" time="0.0076" asserts="0" success="True" result="Success" executed="True" />
                  <test-case description="Script C:\Projects\VcRedist\VcRedist\Private\New-MdtApplicationFolder.ps1 should be valid PowerShell" name="General project validation.Script C:\Projects\VcRedist\VcRedist\Private\New-MdtApplicationFolder.ps1 should be valid PowerShell" time="0.0054" asserts="0" success="True" result="Success" executed="True" />
                  <test-case description="Script C:\Projects\VcRedist\VcRedist\Private\New-MdtDrive.ps1 should be valid PowerShell" name="General project validation.Script C:\Projects\VcRedist\VcRedist\Private\New-MdtDrive.ps1 should be valid PowerShell" time="0.0051" asserts="0" success="True" result="Success" executed="True" />
                  <test-case description="Script C:\Projects\VcRedist\VcRedist\Private\Test-PSCore.ps1 should be valid PowerShell" name="General project validation.Script C:\Projects\VcRedist\VcRedist\Private\Test-PSCore.ps1 should be valid PowerShell" time="0.0052" asserts="0" success="True" result="Success" executed="True" />
                  <test-case description="Script C:\Projects\VcRedist\VcRedist\Public\Export-VcManifest.ps1 should be valid PowerShell" name="General project validation.Script C:\Projects\VcRedist\VcRedist\Public\Export-VcManifest.ps1 should be valid PowerShell" time="0.0056" asserts="0" success="True" result="Success" executed="True" />
                  <test-case description="Script C:\Projects\VcRedist\VcRedist\Public\Get-InstalledVcRedist.ps1 should be valid PowerShell" name="General project validation.Script C:\Projects\VcRedist\VcRedist\Public\Get-InstalledVcRedist.ps1 should be valid PowerShell" time="0.0058" asserts="0" success="True" result="Success" executed="True" />
                  <test-case description="Script C:\Projects\VcRedist\VcRedist\Public\Get-VcList.ps1 should be valid PowerShell" name="General project validation.Script C:\Projects\VcRedist\VcRedist\Public\Get-VcList.ps1 should be valid PowerShell" time="0.006" asserts="0" success="True" result="Success" executed="True" />
                  <test-case description="Script C:\Projects\VcRedist\VcRedist\Public\Import-VcConfigMgrApplication.ps1 should be valid PowerShell" name="General project validation.Script C:\Projects\VcRedist\VcRedist\Public\Import-VcConfigMgrApplication.ps1 should be valid PowerShell" time="0.0092" asserts="0" success="True" result="Success" executed="True" />
                  <test-case description="Script C:\Projects\VcRedist\VcRedist\Public\Import-VcMdtApplication.ps1 should be valid PowerShell" name="General project validation.Script C:\Projects\VcRedist\VcRedist\Public\Import-VcMdtApplication.ps1 should be valid PowerShell" time="0.0069" asserts="0" success="True" result="Success" executed="True" />
                  <test-case description="Script C:\Projects\VcRedist\VcRedist\Public\Install-VcRedist.ps1 should be valid PowerShell" name="General project validation.Script C:\Projects\VcRedist\VcRedist\Public\Install-VcRedist.ps1 should be valid PowerShell" time="0.0061" asserts="0" success="True" result="Success" executed="True" />
                  <test-case description="Script C:\Projects\VcRedist\VcRedist\Public\New-VcMdtBundle.ps1 should be valid PowerShell" name="General project validation.Script C:\Projects\VcRedist\VcRedist\Public\New-VcMdtBundle.ps1 should be valid PowerShell" time="0.0065" asserts="0" success="True" result="Success" executed="True" />
                  <test-case description="Script C:\Projects\VcRedist\VcRedist\Public\Save-VcRedist.ps1 should be valid PowerShell" name="General project validation.Script C:\Projects\VcRedist\VcRedist\Public\Save-VcRedist.ps1 should be valid PowerShell" time="0.007" asserts="0" success="True" result="Success" executed="True" />
                  <test-case description="Script C:\Projects\VcRedist\VcRedist\Public\Uninstall-VcRedist.ps1 should be valid PowerShell" name="General project validation.Script C:\Projects\VcRedist\VcRedist\Public\Uninstall-VcRedist.ps1 should be valid PowerShell" time="0.0077" asserts="0" success="True" result="Success" executed="True" />
                  <test-case description="Script C:\Projects\VcRedist\VcRedist\Public\Update-VcMdtApplication.ps1 should be valid PowerShell" name="General project validation.Script C:\Projects\VcRedist\VcRedist\Public\Update-VcMdtApplication.ps1 should be valid PowerShell" time="0.007" asserts="0" success="True" result="Success" executed="True" />
                  <test-case description="Script C:\Projects\VcRedist\VcRedist\Public\Update-VcMdtBundle.ps1 should be valid PowerShell" name="General project validation.Script C:\Projects\VcRedist\VcRedist\Public\Update-VcMdtBundle.ps1 should be valid PowerShell" time="0.0065" asserts="0" success="True" result="Success" executed="True" />
                  <test-case description="Script C:\Projects\VcRedist\VcRedist\VcRedist.psm1 should be valid PowerShell" name="General project validation.Script C:\Projects\VcRedist\VcRedist\VcRedist.psm1 should be valid PowerShell" time="0.0057" asserts="0" success="True" result="Success" executed="True" />
                </results>
              </test-suite>
              <test-suite type="ParameterizedTest" name="General project validation.&lt;file&gt; should pass ScriptAnalyzer" executed="True" result="Success" success="True" time="3.3031" asserts="0" description="&lt;file&gt; should pass ScriptAnalyzer">
                <results>
                  <test-case description="C:\Projects\VcRedist\VcRedist\Private\Compare-VersionNumber.ps1 should pass ScriptAnalyzer" name="General project validation.C:\Projects\VcRedist\VcRedist\Private\Compare-VersionNumber.ps1 should pass ScriptAnalyzer" time="0.23" asserts="0" success="True" result="Success" executed="True" />
                  <test-case description="C:\Projects\VcRedist\VcRedist\Private\Get-Bitness.ps1 should pass ScriptAnalyzer" name="General project validation.C:\Projects\VcRedist\VcRedist\Private\Get-Bitness.ps1 should pass ScriptAnalyzer" time="0.121" asserts="0" success="True" result="Success" executed="True" />
                  <test-case description="C:\Projects\VcRedist\VcRedist\Private\Get-FileMetadata.ps1 should pass ScriptAnalyzer" name="General project validation.C:\Projects\VcRedist\VcRedist\Private\Get-FileMetadata.ps1 should pass ScriptAnalyzer" time="0.1792" asserts="0" success="True" result="Success" executed="True" />
                  <test-case description="C:\Projects\VcRedist\VcRedist\Private\Get-InstalledSoftware.ps1 should pass ScriptAnalyzer" name="General project validation.C:\Projects\VcRedist\VcRedist\Private\Get-InstalledSoftware.ps1 should pass ScriptAnalyzer" time="0.1589" asserts="0" success="True" result="Success" executed="True" />
                  <test-case description="C:\Projects\VcRedist\VcRedist\Private\Get-ValidPath.ps1 should pass ScriptAnalyzer" name="General project validation.C:\Projects\VcRedist\VcRedist\Private\Get-ValidPath.ps1 should pass ScriptAnalyzer" time="0.1002" asserts="0" success="True" result="Success" executed="True" />
                  <test-case description="C:\Projects\VcRedist\VcRedist\Private\Import-MdtModule.ps1 should pass ScriptAnalyzer" name="General project validation.C:\Projects\VcRedist\VcRedist\Private\Import-MdtModule.ps1 should pass ScriptAnalyzer" time="0.1253" asserts="0" success="True" result="Success" executed="True" />
                  <test-case description="C:\Projects\VcRedist\VcRedist\Private\Invoke-Process.ps1 should pass ScriptAnalyzer" name="General project validation.C:\Projects\VcRedist\VcRedist\Private\Invoke-Process.ps1 should pass ScriptAnalyzer" time="0.2824" asserts="0" success="True" result="Success" executed="True" />
                  <test-case description="C:\Projects\VcRedist\VcRedist\Private\New-MdtApplicationFolder.ps1 should pass ScriptAnalyzer" name="General project validation.C:\Projects\VcRedist\VcRedist\Private\New-MdtApplicationFolder.ps1 should pass ScriptAnalyzer" time="0.0509" asserts="0" success="True" result="Success" executed="True" />
                  <test-case description="C:\Projects\VcRedist\VcRedist\Private\New-MdtDrive.ps1 should pass ScriptAnalyzer" name="General project validation.C:\Projects\VcRedist\VcRedist\Private\New-MdtDrive.ps1 should pass ScriptAnalyzer" time="0.1572" asserts="0" success="True" result="Success" executed="True" />
                  <test-case description="C:\Projects\VcRedist\VcRedist\Private\Test-PSCore.ps1 should pass ScriptAnalyzer" name="General project validation.C:\Projects\VcRedist\VcRedist\Private\Test-PSCore.ps1 should pass ScriptAnalyzer" time="0.1141" asserts="0" success="True" result="Success" executed="True" />
                  <test-case description="C:\Projects\VcRedist\VcRedist\Public\Export-VcManifest.ps1 should pass ScriptAnalyzer" name="General project validation.C:\Projects\VcRedist\VcRedist\Public\Export-VcManifest.ps1 should pass ScriptAnalyzer" time="0.2066" asserts="0" success="True" result="Success" executed="True" />
                  <test-case description="C:\Projects\VcRedist\VcRedist\Public\Get-InstalledVcRedist.ps1 should pass ScriptAnalyzer" name="General project validation.C:\Projects\VcRedist\VcRedist\Public\Get-InstalledVcRedist.ps1 should pass ScriptAnalyzer" time="0.2943" asserts="0" success="True" result="Success" executed="True" />
                  <test-case description="C:\Projects\VcRedist\VcRedist\Public\Get-VcList.ps1 should pass ScriptAnalyzer" name="General project validation.C:\Projects\VcRedist\VcRedist\Public\Get-VcList.ps1 should pass ScriptAnalyzer" time="0.0535" asserts="0" success="True" result="Success" executed="True" />
                  <test-case description="C:\Projects\VcRedist\VcRedist\Public\Import-VcConfigMgrApplication.ps1 should pass ScriptAnalyzer" name="General project validation.C:\Projects\VcRedist\VcRedist\Public\Import-VcConfigMgrApplication.ps1 should pass ScriptAnalyzer" time="0.2477" asserts="0" success="True" result="Success" executed="True" />
                  <test-case description="C:\Projects\VcRedist\VcRedist\Public\Import-VcMdtApplication.ps1 should pass ScriptAnalyzer" name="General project validation.C:\Projects\VcRedist\VcRedist\Public\Import-VcMdtApplication.ps1 should pass ScriptAnalyzer" time="0.3507" asserts="0" success="True" result="Success" executed="True" />
                  <test-case description="C:\Projects\VcRedist\VcRedist\Public\Install-VcRedist.ps1 should pass ScriptAnalyzer" name="General project validation.C:\Projects\VcRedist\VcRedist\Public\Install-VcRedist.ps1 should pass ScriptAnalyzer" time="0.193" asserts="0" success="True" result="Success" executed="True" />
                  <test-case description="C:\Projects\VcRedist\VcRedist\Public\New-VcMdtBundle.ps1 should pass ScriptAnalyzer" name="General project validation.C:\Projects\VcRedist\VcRedist\Public\New-VcMdtBundle.ps1 should pass ScriptAnalyzer" time="0.0655" asserts="0" success="True" result="Success" executed="True" />
                  <test-case description="C:\Projects\VcRedist\VcRedist\Public\Save-VcRedist.ps1 should pass ScriptAnalyzer" name="General project validation.C:\Projects\VcRedist\VcRedist\Public\Save-VcRedist.ps1 should pass ScriptAnalyzer" time="0.1743" asserts="0" success="True" result="Success" executed="True" />
                  <test-case description="C:\Projects\VcRedist\VcRedist\Public\Uninstall-VcRedist.ps1 should pass ScriptAnalyzer" name="General project validation.C:\Projects\VcRedist\VcRedist\Public\Uninstall-VcRedist.ps1 should pass ScriptAnalyzer" time="0.0474" asserts="0" success="True" result="Success" executed="True" />
                  <test-case description="C:\Projects\VcRedist\VcRedist\Public\Update-VcMdtApplication.ps1 should pass ScriptAnalyzer" name="General project validation.C:\Projects\VcRedist\VcRedist\Public\Update-VcMdtApplication.ps1 should pass ScriptAnalyzer" time="0.0492" asserts="0" success="True" result="Success" executed="True" />
                  <test-case description="C:\Projects\VcRedist\VcRedist\Public\Update-VcMdtBundle.ps1 should pass ScriptAnalyzer" name="General project validation.C:\Projects\VcRedist\VcRedist\Public\Update-VcMdtBundle.ps1 should pass ScriptAnalyzer" time="0.0521" asserts="0" success="True" result="Success" executed="True" />
                  <test-case description="C:\Projects\VcRedist\VcRedist\VcRedist.psm1 should pass ScriptAnalyzer" name="General project validation.C:\Projects\VcRedist\VcRedist\VcRedist.psm1 should pass ScriptAnalyzer" time="0.0497" asserts="0" success="True" result="Success" executed="True" />
                </results>
              </test-suite>
            </results>
          </test-suite>
          <test-suite type="TestFixture" name="Module Function validation" executed="True" result="Success" success="True" time="0.669" asserts="0" description="Module Function validation">
            <results>
              <test-suite type="ParameterizedTest" name="Module Function validation.Script &lt;file&gt; should only contain one function" executed="True" result="Success" success="True" time="0.2543" asserts="0" description="Script &lt;file&gt; should only contain one function">
                <results>
                  <test-case description="Script C:\Projects\VcRedist\VcRedist\Private\Compare-VersionNumber.ps1 should only contain one function" name="Module Function validation.Script C:\Projects\VcRedist\VcRedist\Private\Compare-VersionNumber.ps1 should only contain one function" time="0.0382" asserts="0" success="True" result="Success" executed="True" />
                  <test-case description="Script C:\Projects\VcRedist\VcRedist\Private\Get-Bitness.ps1 should only contain one function" name="Module Function validation.Script C:\Projects\VcRedist\VcRedist\Private\Get-Bitness.ps1 should only contain one function" time="0.0071" asserts="0" success="True" result="Success" executed="True" />
                  <test-case description="Script C:\Projects\VcRedist\VcRedist\Private\Get-FileMetadata.ps1 should only contain one function" name="Module Function validation.Script C:\Projects\VcRedist\VcRedist\Private\Get-FileMetadata.ps1 should only contain one function" time="0.0062" asserts="0" success="True" result="Success" executed="True" />
                  <test-case description="Script C:\Projects\VcRedist\VcRedist\Private\Get-InstalledSoftware.ps1 should only contain one function" name="Module Function validation.Script C:\Projects\VcRedist\VcRedist\Private\Get-InstalledSoftware.ps1 should only contain one function" time="0.0141" asserts="0" success="True" result="Success" executed="True" />
                  <test-case description="Script C:\Projects\VcRedist\VcRedist\Private\Get-ValidPath.ps1 should only contain one function" name="Module Function validation.Script C:\Projects\VcRedist\VcRedist\Private\Get-ValidPath.ps1 should only contain one function" time="0.0052" asserts="0" success="True" result="Success" executed="True" />
                  <test-case description="Script C:\Projects\VcRedist\VcRedist\Private\Import-MdtModule.ps1 should only contain one function" name="Module Function validation.Script C:\Projects\VcRedist\VcRedist\Private\Import-MdtModule.ps1 should only contain one function" time="0.0092" asserts="0" success="True" result="Success" executed="True" />
                  <test-case description="Script C:\Projects\VcRedist\VcRedist\Private\Invoke-Process.ps1 should only contain one function" name="Module Function validation.Script C:\Projects\VcRedist\VcRedist\Private\Invoke-Process.ps1 should only contain one function" time="0.0087" asserts="0" success="True" result="Success" executed="True" />
                  <test-case description="Script C:\Projects\VcRedist\VcRedist\Private\New-MdtApplicationFolder.ps1 should only contain one function" name="Module Function validation.Script C:\Projects\VcRedist\VcRedist\Private\New-MdtApplicationFolder.ps1 should only contain one function" time="0.0058" asserts="0" success="True" result="Success" executed="True" />
                  <test-case description="Script C:\Projects\VcRedist\VcRedist\Private\New-MdtDrive.ps1 should only contain one function" name="Module Function validation.Script C:\Projects\VcRedist\VcRedist\Private\New-MdtDrive.ps1 should only contain one function" time="0.0116" asserts="0" success="True" result="Success" executed="True" />
                  <test-case description="Script C:\Projects\VcRedist\VcRedist\Private\Test-PSCore.ps1 should only contain one function" name="Module Function validation.Script C:\Projects\VcRedist\VcRedist\Private\Test-PSCore.ps1 should only contain one function" time="0.0051" asserts="0" success="True" result="Success" executed="True" />
                  <test-case description="Script C:\Projects\VcRedist\VcRedist\Public\Export-VcManifest.ps1 should only contain one function" name="Module Function validation.Script C:\Projects\VcRedist\VcRedist\Public\Export-VcManifest.ps1 should only contain one function" time="0.0474" asserts="0" success="True" result="Success" executed="True" />
                  <test-case description="Script C:\Projects\VcRedist\VcRedist\Public\Get-InstalledVcRedist.ps1 should only contain one function" name="Module Function validation.Script C:\Projects\VcRedist\VcRedist\Public\Get-InstalledVcRedist.ps1 should only contain one function" time="0.0074" asserts="0" success="True" result="Success" executed="True" />
                  <test-case description="Script C:\Projects\VcRedist\VcRedist\Public\Get-VcList.ps1 should only contain one function" name="Module Function validation.Script C:\Projects\VcRedist\VcRedist\Public\Get-VcList.ps1 should only contain one function" time="0.0167" asserts="0" success="True" result="Success" executed="True" />
                  <test-case description="Script C:\Projects\VcRedist\VcRedist\Public\Import-VcConfigMgrApplication.ps1 should only contain one function" name="Module Function validation.Script C:\Projects\VcRedist\VcRedist\Public\Import-VcConfigMgrApplication.ps1 should only contain one function" time="0.0132" asserts="0" success="True" result="Success" executed="True" />
                  <test-case description="Script C:\Projects\VcRedist\VcRedist\Public\Import-VcMdtApplication.ps1 should only contain one function" name="Module Function validation.Script C:\Projects\VcRedist\VcRedist\Public\Import-VcMdtApplication.ps1 should only contain one function" time="0.0084" asserts="0" success="True" result="Success" executed="True" />
                  <test-case description="Script C:\Projects\VcRedist\VcRedist\Public\Install-VcRedist.ps1 should only contain one function" name="Module Function validation.Script C:\Projects\VcRedist\VcRedist\Public\Install-VcRedist.ps1 should only contain one function" time="0.0105" asserts="0" success="True" result="Success" executed="True" />
                  <test-case description="Script C:\Projects\VcRedist\VcRedist\Public\New-VcMdtBundle.ps1 should only contain one function" name="Module Function validation.Script C:\Projects\VcRedist\VcRedist\Public\New-VcMdtBundle.ps1 should only contain one function" time="0.0089" asserts="0" success="True" result="Success" executed="True" />
                  <test-case description="Script C:\Projects\VcRedist\VcRedist\Public\Save-VcRedist.ps1 should only contain one function" name="Module Function validation.Script C:\Projects\VcRedist\VcRedist\Public\Save-VcRedist.ps1 should only contain one function" time="0.0077" asserts="0" success="True" result="Success" executed="True" />
                  <test-case description="Script C:\Projects\VcRedist\VcRedist\Public\Uninstall-VcRedist.ps1 should only contain one function" name="Module Function validation.Script C:\Projects\VcRedist\VcRedist\Public\Uninstall-VcRedist.ps1 should only contain one function" time="0.007" asserts="0" success="True" result="Success" executed="True" />
                  <test-case description="Script C:\Projects\VcRedist\VcRedist\Public\Update-VcMdtApplication.ps1 should only contain one function" name="Module Function validation.Script C:\Projects\VcRedist\VcRedist\Public\Update-VcMdtApplication.ps1 should only contain one function" time="0.0082" asserts="0" success="True" result="Success" executed="True" />
                  <test-case description="Script C:\Projects\VcRedist\VcRedist\Public\Update-VcMdtBundle.ps1 should only contain one function" name="Module Function validation.Script C:\Projects\VcRedist\VcRedist\Public\Update-VcMdtBundle.ps1 should only contain one function" time="0.0079" asserts="0" success="True" result="Success" executed="True" />
                </results>
              </test-suite>
              <test-suite type="ParameterizedTest" name="Module Function validation.&lt;file&gt; should match function name" executed="True" result="Success" success="True" time="0.1707" asserts="0" description="&lt;file&gt; should match function name">
                <results>
                  <test-case description="C:\Projects\VcRedist\VcRedist\Private\Compare-VersionNumber.ps1 should match function name" name="Module Function validation.C:\Projects\VcRedist\VcRedist\Private\Compare-VersionNumber.ps1 should match function name" time="0.0171" asserts="0" success="True" result="Success" executed="True" />
                  <test-case description="C:\Projects\VcRedist\VcRedist\Private\Get-Bitness.ps1 should match function name" name="Module Function validation.C:\Projects\VcRedist\VcRedist\Private\Get-Bitness.ps1 should match function name" time="0.0088" asserts="0" success="True" result="Success" executed="True" />
                  <test-case description="C:\Projects\VcRedist\VcRedist\Private\Get-FileMetadata.ps1 should match function name" name="Module Function validation.C:\Projects\VcRedist\VcRedist\Private\Get-FileMetadata.ps1 should match function name" time="0.0057" asserts="0" success="True" result="Success" executed="True" />
                  <test-case description="C:\Projects\VcRedist\VcRedist\Private\Get-InstalledSoftware.ps1 should match function name" name="Module Function validation.C:\Projects\VcRedist\VcRedist\Private\Get-InstalledSoftware.ps1 should match function name" time="0.0099" asserts="0" success="True" result="Success" executed="True" />
                  <test-case description="C:\Projects\VcRedist\VcRedist\Private\Get-ValidPath.ps1 should match function name" name="Module Function validation.C:\Projects\VcRedist\VcRedist\Private\Get-ValidPath.ps1 should match function name" time="0.0065" asserts="0" success="True" result="Success" executed="True" />
                  <test-case description="C:\Projects\VcRedist\VcRedist\Private\Import-MdtModule.ps1 should match function name" name="Module Function validation.C:\Projects\VcRedist\VcRedist\Private\Import-MdtModule.ps1 should match function name" time="0.0056" asserts="0" success="True" result="Success" executed="True" />
                  <test-case description="C:\Projects\VcRedist\VcRedist\Private\Invoke-Process.ps1 should match function name" name="Module Function validation.C:\Projects\VcRedist\VcRedist\Private\Invoke-Process.ps1 should match function name" time="0.0107" asserts="0" success="True" result="Success" executed="True" />
                  <test-case description="C:\Projects\VcRedist\VcRedist\Private\New-MdtApplicationFolder.ps1 should match function name" name="Module Function validation.C:\Projects\VcRedist\VcRedist\Private\New-MdtApplicationFolder.ps1 should match function name" time="0.0054" asserts="0" success="True" result="Success" executed="True" />
                  <test-case description="C:\Projects\VcRedist\VcRedist\Private\New-MdtDrive.ps1 should match function name" name="Module Function validation.C:\Projects\VcRedist\VcRedist\Private\New-MdtDrive.ps1 should match function name" time="0.0067" asserts="0" success="True" result="Success" executed="True" />
                  <test-case description="C:\Projects\VcRedist\VcRedist\Private\Test-PSCore.ps1 should match function name" name="Module Function validation.C:\Projects\VcRedist\VcRedist\Private\Test-PSCore.ps1 should match function name" time="0.0071" asserts="0" success="True" result="Success" executed="True" />
                  <test-case description="C:\Projects\VcRedist\VcRedist\Public\Export-VcManifest.ps1 should match function name" name="Module Function validation.C:\Projects\VcRedist\VcRedist\Public\Export-VcManifest.ps1 should match function name" time="0.0072" asserts="0" success="True" result="Success" executed="True" />
                  <test-case description="C:\Projects\VcRedist\VcRedist\Public\Get-InstalledVcRedist.ps1 should match function name" name="Module Function validation.C:\Projects\VcRedist\VcRedist\Public\Get-InstalledVcRedist.ps1 should match function name" time="0.0056" asserts="0" success="True" result="Success" executed="True" />
                  <test-case description="C:\Projects\VcRedist\VcRedist\Public\Get-VcList.ps1 should match function name" name="Module Function validation.C:\Projects\VcRedist\VcRedist\Public\Get-VcList.ps1 should match function name" time="0.0084" asserts="0" success="True" result="Success" executed="True" />
                  <test-case description="C:\Projects\VcRedist\VcRedist\Public\Import-VcConfigMgrApplication.ps1 should match function name" name="Module Function validation.C:\Projects\VcRedist\VcRedist\Public\Import-VcConfigMgrApplication.ps1 should match function name" time="0.0104" asserts="0" success="True" result="Success" executed="True" />
                  <test-case description="C:\Projects\VcRedist\VcRedist\Public\Import-VcMdtApplication.ps1 should match function name" name="Module Function validation.C:\Projects\VcRedist\VcRedist\Public\Import-VcMdtApplication.ps1 should match function name" time="0.0085" asserts="0" success="True" result="Success" executed="True" />
                  <test-case description="C:\Projects\VcRedist\VcRedist\Public\Install-VcRedist.ps1 should match function name" name="Module Function validation.C:\Projects\VcRedist\VcRedist\Public\Install-VcRedist.ps1 should match function name" time="0.006" asserts="0" success="True" result="Success" executed="True" />
                  <test-case description="C:\Projects\VcRedist\VcRedist\Public\New-VcMdtBundle.ps1 should match function name" name="Module Function validation.C:\Projects\VcRedist\VcRedist\Public\New-VcMdtBundle.ps1 should match function name" time="0.0076" asserts="0" success="True" result="Success" executed="True" />
                  <test-case description="C:\Projects\VcRedist\VcRedist\Public\Save-VcRedist.ps1 should match function name" name="Module Function validation.C:\Projects\VcRedist\VcRedist\Public\Save-VcRedist.ps1 should match function name" time="0.0065" asserts="0" success="True" result="Success" executed="True" />
                  <test-case description="C:\Projects\VcRedist\VcRedist\Public\Uninstall-VcRedist.ps1 should match function name" name="Module Function validation.C:\Projects\VcRedist\VcRedist\Public\Uninstall-VcRedist.ps1 should match function name" time="0.0087" asserts="0" success="True" result="Success" executed="True" />
                  <test-case description="C:\Projects\VcRedist\VcRedist\Public\Update-VcMdtApplication.ps1 should match function name" name="Module Function validation.C:\Projects\VcRedist\VcRedist\Public\Update-VcMdtApplication.ps1 should match function name" time="0.0073" asserts="0" success="True" result="Success" executed="True" />
                  <test-case description="C:\Projects\VcRedist\VcRedist\Public\Update-VcMdtBundle.ps1 should match function name" name="Module Function validation.C:\Projects\VcRedist\VcRedist\Public\Update-VcMdtBundle.ps1 should match function name" time="0.0109" asserts="0" success="True" result="Success" executed="True" />
                </results>
              </test-suite>
            </results>
          </test-suite>
          <test-suite type="TestFixture" name="Module Metadata validation" executed="True" result="Success" success="True" time="0.101" asserts="0" description="Module Metadata validation">
            <results>
              <test-case description="Script fileinfo should be OK" name="Module Metadata validation.Script fileinfo should be OK" time="0.0322" asserts="0" success="True" result="Success" executed="True" />
              <test-case description="Import module should be OK" name="Module Metadata validation.Import module should be OK" time="0.0429" asserts="0" success="True" result="Success" executed="True" />
            </results>
          </test-suite>
        </results>
      </test-suite>
      <test-suite type="TestFixture" name="C:\Projects\VcRedist\tests\PrivateFunctions.Tests.ps1" executed="True" result="Success" success="True" time="1.375" asserts="0" description="C:\Projects\VcRedist\tests\PrivateFunctions.Tests.ps1">
        <results>
          <test-suite type="TestFixture" name="New-MdtDrive" executed="True" result="Success" success="True" time="0.8323" asserts="0" description="New-MdtDrive">
            <results>
              <test-suite type="TestFixture" name="Creates a new MDT drive" executed="True" result="Success" success="True" time="0.7963" asserts="0" description="Creates a new MDT drive">
                <results>
                  <test-case description="Successfully creates the MDT drive" name="New-MdtDrive.Creates a new MDT drive.Successfully creates the MDT drive" time="0.2285" asserts="0" success="True" result="Success" executed="True" />
                </results>
              </test-suite>
            </results>
          </test-suite>
          <test-suite type="TestFixture" name="New-MdtApplicationFolder" executed="True" result="Success" success="True" time="0.3225" asserts="0" description="New-MdtApplicationFolder">
            <results>
              <test-suite type="TestFixture" name="Application folder exists" executed="True" result="Success" success="True" time="0.2282" asserts="0" description="Application folder exists">
                <results>
                  <test-case description="Returns True if the Application folder exists" name="New-MdtApplicationFolder.Application folder exists.Returns True if the Application folder exists" time="0.146" asserts="0" success="True" result="Success" executed="True" />
                </results>
              </test-suite>
              <test-suite type="TestFixture" name="Creates a new Packages folder" executed="True" result="Success" success="True" time="0.0603" asserts="0" description="Creates a new Packages folder">
                <results>
                  <test-case description="Successfully creates a Application folder" name="New-MdtApplicationFolder.Creates a new Packages folder.Successfully creates a Application folder" time="0.019" asserts="0" success="True" result="Success" executed="True" />
                </results>
              </test-suite>
            </results>
          </test-suite>
          <test-suite type="TestFixture" name="Get-ValidPath" executed="True" result="Success" success="True" time="0.0719" asserts="0" description="Get-ValidPath">
            <results>
              <test-suite type="TestFixture" name="Return valid path" executed="True" result="Success" success="True" time="0.0247" asserts="0" description="Return valid path">
                <results>
                  <test-case description="Given a relative path, it returns a fully qualified path" name="Get-ValidPath.Return valid path.Given a relative path, it returns a fully qualified path" time="0.0081" asserts="0" success="True" result="Success" executed="True" />
                </results>
              </test-suite>
              <test-suite type="TestFixture" name="Fix trailing backslash" executed="True" result="Success" success="True" time="0.0257" asserts="0" description="Fix trailing backslash">
                <results>
                  <test-case description="Given a path, it returns a without a trailing backslack" name="Get-ValidPath.Fix trailing backslash.Given a path, it returns a without a trailing backslack" time="0.0076" asserts="0" success="True" result="Success" executed="True" />
                </results>
              </test-suite>
            </results>
          </test-suite>
          <test-suite type="TestFixture" name="Test-PSCore" executed="True" result="Success" success="True" time="0.0692" asserts="0" description="Test-PSCore">
            <results>
              <test-suite type="TestFixture" name="Tests whether we are running on PowerShell Core" executed="True" result="Success" success="True" time="0.0193" asserts="0" description="Tests whether we are running on PowerShell Core">
                <results>
                  <test-case description="Imports the MDT PowerShell module and returns True" name="Test-PSCore.Tests whether we are running on PowerShell Core.Imports the MDT PowerShell module and returns True" time="0.0031" asserts="0" success="True" result="Success" executed="True" />
                </results>
              </test-suite>
              <test-suite type="TestFixture" name="Tests whether we are running on Windows PowerShell" executed="True" result="Success" success="True" time="0.0256" asserts="0" description="Tests whether we are running on Windows PowerShell">
                <results>
                  <test-case description="Returns False if running Windows PowerShell" name="Test-PSCore.Tests whether we are running on Windows PowerShell.Returns False if running Windows PowerShell" time="0.0093" asserts="0" success="True" result="Success" executed="True" />
                </results>
              </test-suite>
            </results>
          </test-suite>
        </results>
      </test-suite>
      <test-suite type="TestFixture" name="C:\Projects\VcRedist\tests\PublicFunctions.Tests.ps1" executed="True" result="Success" success="True" time="209.9322" asserts="0" description="C:\Projects\VcRedist\tests\PublicFunctions.Tests.ps1">
        <results>
          <test-suite type="TestFixture" name="Get-VcList" executed="True" result="Success" success="True" time="0.6765" asserts="0" description="Get-VcList">
            <results>
              <test-suite type="TestFixture" name="Return built-in manifest" executed="True" result="Success" success="True" time="0.2798" asserts="0" description="Return built-in manifest">
                <results>
                  <test-case description="Given no parameters, it returns supported Visual C++ Redistributables" name="Get-VcList.Return built-in manifest.Given no parameters, it returns supported Visual C++ Redistributables" time="0.2266" asserts="0" success="True" result="Success" executed="True" />
                  <test-case description="Given valid parameter -Export All, it returns all Visual C++ Redistributables" name="Get-VcList.Return built-in manifest.Given valid parameter -Export All, it returns all Visual C++ Redistributables" time="0.0079" asserts="0" success="True" result="Success" executed="True" />
                  <test-case description="Given valid parameter -Export Supported, it returns all Visual C++ Redistributables" name="Get-VcList.Return built-in manifest.Given valid parameter -Export Supported, it returns all Visual C++ Redistributables" time="0.0055" asserts="0" success="True" result="Success" executed="True" />
                  <test-case description="Given valid parameter -Export Unsupported, it returns unsupported Visual C++ Redistributables" name="Get-VcList.Return built-in manifest.Given valid parameter -Export Unsupported, it returns unsupported Visual C++ Redistributables" time="0.0057" asserts="0" success="True" result="Success" executed="True" />
                </results>
              </test-suite>
              <test-suite type="TestFixture" name="Validate Get-VcList array properties" executed="True" result="Success" success="True" time="0.2462" asserts="0" description="Validate Get-VcList array properties">
                <results>
                  <test-case description="VcRedist [Visual C++ 2008 Service Pack 1 Redistributable Package MFC Security Update, x64] has expected properties" name="Get-VcList.Validate Get-VcList array properties.VcRedist [Visual C++ 2008 Service Pack 1 Redistributable Package MFC Security Update, x64] has expected properties" time="0.04" asserts="0" success="True" result="Success" executed="True" />
                  <test-case description="VcRedist [Visual C++ 2008 Service Pack 1 Redistributable Package MFC Security Update, x86] has expected properties" name="Get-VcList.Validate Get-VcList array properties.VcRedist [Visual C++ 2008 Service Pack 1 Redistributable Package MFC Security Update, x86] has expected properties" time="0.0137" asserts="0" success="True" result="Success" executed="True" />
                  <test-case description="VcRedist [Visual C++ 2010 Service Pack 1 Redistributable Package MFC Security Update, x64] has expected properties" name="Get-VcList.Validate Get-VcList array properties.VcRedist [Visual C++ 2010 Service Pack 1 Redistributable Package MFC Security Update, x64] has expected properties" time="0.016" asserts="0" success="True" result="Success" executed="True" />
                  <test-case description="VcRedist [Visual C++ 2010 Service Pack 1 Redistributable Package MFC Security Update, x86] has expected properties" name="Get-VcList.Validate Get-VcList array properties.VcRedist [Visual C++ 2010 Service Pack 1 Redistributable Package MFC Security Update, x86] has expected properties" time="0.0139" asserts="0" success="True" result="Success" executed="True" />
                  <test-case description="VcRedist [Visual C++ Redistributable for Visual Studio 2012 Update 4, x64] has expected properties" name="Get-VcList.Validate Get-VcList array properties.VcRedist [Visual C++ Redistributable for Visual Studio 2012 Update 4, x64] has expected properties" time="0.0138" asserts="0" success="True" result="Success" executed="True" />
                  <test-case description="VcRedist [Visual C++ Redistributable for Visual Studio 2012 Update 4, x86] has expected properties" name="Get-VcList.Validate Get-VcList array properties.VcRedist [Visual C++ Redistributable for Visual Studio 2012 Update 4, x86] has expected properties" time="0.0165" asserts="0" success="True" result="Success" executed="True" />
                  <test-case description="VcRedist [Visual C++ 2013 Update 5 Redistributable Package, x64] has expected properties" name="Get-VcList.Validate Get-VcList array properties.VcRedist [Visual C++ 2013 Update 5 Redistributable Package, x64] has expected properties" time="0.0132" asserts="0" success="True" result="Success" executed="True" />
                  <test-case description="VcRedist [Visual C++ 2013 Update 5 Redistributable Package, x86] has expected properties" name="Get-VcList.Validate Get-VcList array properties.VcRedist [Visual C++ 2013 Update 5 Redistributable Package, x86] has expected properties" time="0.0154" asserts="0" success="True" result="Success" executed="True" />
                  <test-case description="VcRedist [Visual C++ Redistributable for Visual Studio 2019, x64] has expected properties" name="Get-VcList.Validate Get-VcList array properties.VcRedist [Visual C++ Redistributable for Visual Studio 2019, x64] has expected properties" time="0.0133" asserts="0" success="True" result="Success" executed="True" />
                  <test-case description="VcRedist [Visual C++ Redistributable for Visual Studio 2019, x86] has expected properties" name="Get-VcList.Validate Get-VcList array properties.VcRedist [Visual C++ Redistributable for Visual Studio 2019, x86] has expected properties" time="0.0144" asserts="0" success="True" result="Success" executed="True" />
                </results>
              </test-suite>
              <test-suite type="TestFixture" name="Return external manifest" executed="True" result="Success" success="True" time="0.0497" asserts="0" description="Return external manifest">
                <results>
                  <test-case description="Given valid parameter -Path, it returns Visual C++ Redistributables from an external manifest" name="Get-VcList.Return external manifest.Given valid parameter -Path, it returns Visual C++ Redistributables from an external manifest" time="0.0335" asserts="0" success="True" result="Success" executed="True" />
                </results>
              </test-suite>
              <test-suite type="TestFixture" name="Test fail scenarios" executed="True" result="Success" success="True" time="0.0691" asserts="0" description="Test fail scenarios">
                <results>
                  <test-case description="Given an JSON file that does not exist, it should throw an error" name="Get-VcList.Test fail scenarios.Given an JSON file that does not exist, it should throw an error" time="0.0281" asserts="0" success="True" result="Success" executed="True" />
                  <test-case description="Given an invalid JSON file, should throw an error on read" name="Get-VcList.Test fail scenarios.Given an invalid JSON file, should throw an error on read" time="0.0183" asserts="0" success="True" result="Success" executed="True" />
                </results>
              </test-suite>
            </results>
          </test-suite>
          <test-suite type="TestFixture" name="Export-VcManifest" executed="True" result="Success" success="True" time="0.1126" asserts="0" description="Export-VcManifest">
            <results>
              <test-suite type="TestFixture" name="Export manifest" executed="True" result="Success" success="True" time="0.025" asserts="0" description="Export manifest">
                <results>
                  <test-case description="Given valid parameter -Path, it exports an JSON file" name="Export-VcManifest.Export manifest.Given valid parameter -Path, it exports an JSON file" time="0.0101" asserts="0" success="True" result="Success" executed="True" />
                </results>
              </test-suite>
              <test-suite type="TestFixture" name="Export and read manifest" executed="True" result="Success" success="True" time="0.03" asserts="0" description="Export and read manifest">
                <results>
                  <test-case description="Given valid parameter -Path, it exports an JSON file" name="Export-VcManifest.Export and read manifest.Given valid parameter -Path, it exports an JSON file" time="0.015" asserts="0" success="True" result="Success" executed="True" />
                </results>
              </test-suite>
              <test-suite type="TestFixture" name="Test fail scenarios" executed="True" result="Success" success="True" time="0.0251" asserts="0" description="Test fail scenarios">
                <results>
                  <test-case description="Given an invalid path, it should throw an error" name="Export-VcManifest.Test fail scenarios.Given an invalid path, it should throw an error" time="0.0053" asserts="0" success="True" result="Success" executed="True" />
                </results>
              </test-suite>
            </results>
          </test-suite>
          <test-suite type="TestFixture" name="Save-VcRedist" executed="True" result="Success" success="True" time="3.8142" asserts="0" description="Save-VcRedist">
            <results>
              <test-suite type="TestFixture" name="Download Redistributables" executed="True" result="Success" success="True" time="2.0948" asserts="0" description="Download Redistributables">
                <results>
                  <test-case description="Downloads supported Visual C++ Redistributables" name="Save-VcRedist.Download Redistributables.Downloads supported Visual C++ Redistributables" time="2.0744" asserts="0" success="True" result="Success" executed="True" />
                </results>
              </test-suite>
              <test-suite type="TestFixture" name="Test pipeline support" executed="True" result="Success" success="True" time="1.6581" asserts="0" description="Test pipeline support">
                <results>
                  <test-case description="Should not throw when passed via pipeline with no parameters" name="Save-VcRedist.Test pipeline support.Should not throw when passed via pipeline with no parameters" time="1.6302" asserts="0" success="True" result="Success" executed="True" />
                </results>
              </test-suite>
              <test-suite type="TestFixture" name="Test fail scenarios" executed="True" result="Success" success="True" time="0.0218" asserts="0" description="Test fail scenarios">
                <results>
                  <test-case description="Given an invalid path, it should throw an error" name="Save-VcRedist.Test fail scenarios.Given an invalid path, it should throw an error" time="0.0075" asserts="0" success="True" result="Success" executed="True" />
                </results>
              </test-suite>
            </results>
          </test-suite>
          <test-suite type="TestFixture" name="Install-VcRedist" executed="True" result="Success" success="True" time="92.3675" asserts="0" description="Install-VcRedist">
            <results>
              <test-suite type="TestFixture" name="Test exception handling for invalid VcRedist download path" executed="True" result="Success" success="True" time="0.8172" asserts="0" description="Test exception handling for invalid VcRedist download path">
                <results>
                  <test-case description="Should throw when passed via pipeline with no parameters" name="Install-VcRedist.Test exception handling for invalid VcRedist download path.Should throw when passed via pipeline with no parameters" time="0.8027" asserts="0" success="True" result="Success" executed="True" />
                </results>
              </test-suite>
              <test-suite type="TestFixture" name="Install Redistributables" executed="True" result="Success" success="True" time="91.5272" asserts="0" description="Install Redistributables">
                <results>
                  <test-case description="Installed the VcRedist: 'Visual C++ 2008 Service Pack 1 Redistributable Package MFC Security Update'" name="Install-VcRedist.Install Redistributables.Installed the VcRedist: 'Visual C++ 2008 Service Pack 1 Redistributable Package MFC Security Update'" time="0.0273" asserts="0" success="True" result="Success" executed="True" />
                  <test-case description="Installed the VcRedist: 'Visual C++ 2008 Service Pack 1 Redistributable Package MFC Security Update'" name="Install-VcRedist.Install Redistributables.Installed the VcRedist: 'Visual C++ 2008 Service Pack 1 Redistributable Package MFC Security Update'" time="0.0028" asserts="0" success="True" result="Success" executed="True" />
                  <test-case description="Installed the VcRedist: 'Visual C++ 2010 Service Pack 1 Redistributable Package MFC Security Update'" name="Install-VcRedist.Install Redistributables.Installed the VcRedist: 'Visual C++ 2010 Service Pack 1 Redistributable Package MFC Security Update'" time="0.0022" asserts="0" success="True" result="Success" executed="True" />
                  <test-case description="Installed the VcRedist: 'Visual C++ 2010 Service Pack 1 Redistributable Package MFC Security Update'" name="Install-VcRedist.Install Redistributables.Installed the VcRedist: 'Visual C++ 2010 Service Pack 1 Redistributable Package MFC Security Update'" time="0.0022" asserts="0" success="True" result="Success" executed="True" />
                  <test-case description="Installed the VcRedist: 'Visual C++ Redistributable for Visual Studio 2012 Update 4'" name="Install-VcRedist.Install Redistributables.Installed the VcRedist: 'Visual C++ Redistributable for Visual Studio 2012 Update 4'" time="0.0022" asserts="0" success="True" result="Success" executed="True" />
                  <test-case description="Installed the VcRedist: 'Visual C++ Redistributable for Visual Studio 2012 Update 4'" name="Install-VcRedist.Install Redistributables.Installed the VcRedist: 'Visual C++ Redistributable for Visual Studio 2012 Update 4'" time="0.0045" asserts="0" success="True" result="Success" executed="True" />
                  <test-case description="Installed the VcRedist: 'Visual C++ 2013 Update 5 Redistributable Package'" name="Install-VcRedist.Install Redistributables.Installed the VcRedist: 'Visual C++ 2013 Update 5 Redistributable Package'" time="0.0024" asserts="0" success="True" result="Success" executed="True" />
                  <test-case description="Installed the VcRedist: 'Visual C++ 2013 Update 5 Redistributable Package'" name="Install-VcRedist.Install Redistributables.Installed the VcRedist: 'Visual C++ 2013 Update 5 Redistributable Package'" time="0.0022" asserts="0" success="True" result="Success" executed="True" />
                  <test-case description="Installed the VcRedist: 'Visual C++ Redistributable for Visual Studio 2019'" name="Install-VcRedist.Install Redistributables.Installed the VcRedist: 'Visual C++ Redistributable for Visual Studio 2019'" time="0.0021" asserts="0" success="True" result="Success" executed="True" />
                  <test-case description="Installed the VcRedist: 'Visual C++ Redistributable for Visual Studio 2019'" name="Install-VcRedist.Install Redistributables.Installed the VcRedist: 'Visual C++ Redistributable for Visual Studio 2019'" time="0.0021" asserts="0" success="True" result="Success" executed="True" />
                </results>
              </test-suite>
            </results>
          </test-suite>
          <test-suite type="TestFixture" name="Get-InstalledVcRedist" executed="True" result="Success" success="True" time="1.3847" asserts="0" description="Get-InstalledVcRedist">
            <results>
              <test-suite type="TestFixture" name="Validate Get-InstalledVcRedist array properties" executed="True" result="Success" success="True" time="1.3679" asserts="0" description="Validate Get-InstalledVcRedist array properties">
                <results>
                  <test-case description="VcRedist 'Microsoft Visual C++  ARM Libraries' has expected properties" name="Get-InstalledVcRedist.Validate Get-InstalledVcRedist array properties.VcRedist 'Microsoft Visual C++  ARM Libraries' has expected properties" time="0.0079" asserts="0" success="True" result="Success" executed="True" />
                  <test-case description="VcRedist 'Microsoft Visual C++  x64 Libraries' has expected properties" name="Get-InstalledVcRedist.Validate Get-InstalledVcRedist array properties.VcRedist 'Microsoft Visual C++  x64 Libraries' has expected properties" time="0.0057" asserts="0" success="True" result="Success" executed="True" />
                  <test-case description="VcRedist 'Microsoft Visual C++  x64 Native Compilers' has expected properties" name="Get-InstalledVcRedist.Validate Get-InstalledVcRedist array properties.VcRedist 'Microsoft Visual C++  x64 Native Compilers' has expected properties" time="0.0071" asserts="0" success="True" result="Success" executed="True" />
                  <test-case description="VcRedist 'Microsoft Visual C++  x64 Native Compilers - ENU Resources' has expected properties" name="Get-InstalledVcRedist.Validate Get-InstalledVcRedist array properties.VcRedist 'Microsoft Visual C++  x64 Native Compilers - ENU Resources' has expected properties" time="0.0059" asserts="0" success="True" result="Success" executed="True" />
                  <test-case description="VcRedist 'Microsoft Visual C++  x64-arm Cross Compilers' has expected properties" name="Get-InstalledVcRedist.Validate Get-InstalledVcRedist array properties.VcRedist 'Microsoft Visual C++  x64-arm Cross Compilers' has expected properties" time="0.0057" asserts="0" success="True" result="Success" executed="True" />
                  <test-case description="VcRedist 'Microsoft Visual C++  x64-arm Cross Compilers - ENU Resources' has expected properties" name="Get-InstalledVcRedist.Validate Get-InstalledVcRedist array properties.VcRedist 'Microsoft Visual C++  x64-arm Cross Compilers - ENU Resources' has expected properties" time="0.0091" asserts="0" success="True" result="Success" executed="True" />
                  <test-case description="VcRedist 'Microsoft Visual C++  x64-x86 Cross Compilers' has expected properties" name="Get-InstalledVcRedist.Validate Get-InstalledVcRedist array properties.VcRedist 'Microsoft Visual C++  x64-x86 Cross Compilers' has expected properties" time="0.0055" asserts="0" success="True" result="Success" executed="True" />
                  <test-case description="VcRedist 'Microsoft Visual C++  x64-x86 Cross Compilers - ENU Resources' has expected properties" name="Get-InstalledVcRedist.Validate Get-InstalledVcRedist array properties.VcRedist 'Microsoft Visual C++  x64-x86 Cross Compilers - ENU Resources' has expected properties" time="0.0057" asserts="0" success="True" result="Success" executed="True" />
                  <test-case description="VcRedist 'Microsoft Visual C++  x86 Libraries' has expected properties" name="Get-InstalledVcRedist.Validate Get-InstalledVcRedist array properties.VcRedist 'Microsoft Visual C++  x86 Libraries' has expected properties" time="0.0096" asserts="0" success="True" result="Success" executed="True" />
                  <test-case description="VcRedist 'Microsoft Visual C++ 2008 Express Edition with SP1 - ENU' has expected properties" name="Get-InstalledVcRedist.Validate Get-InstalledVcRedist array properties.VcRedist 'Microsoft Visual C++ 2008 Express Edition with SP1 - ENU' has expected properties" time="0.0053" asserts="0" success="True" result="Success" executed="True" />
                  <test-case description="VcRedist 'Microsoft Visual C++ 2008 Redistributable - x64 9.0.30729.17' has expected properties" name="Get-InstalledVcRedist.Validate Get-InstalledVcRedist array properties.VcRedist 'Microsoft Visual C++ 2008 Redistributable - x64 9.0.30729.17' has expected properties" time="0.0053" asserts="0" success="True" result="Success" executed="True" />
                  <test-case description="VcRedist 'Microsoft Visual C++ 2008 Redistributable - x64 9.0.30729.6161' has expected properties" name="Get-InstalledVcRedist.Validate Get-InstalledVcRedist array properties.VcRedist 'Microsoft Visual C++ 2008 Redistributable - x64 9.0.30729.6161' has expected properties" time="0.0059" asserts="0" success="True" result="Success" executed="True" />
                  <test-case description="VcRedist 'Microsoft Visual C++ 2008 Redistributable - x86 9.0.30729' has expected properties" name="Get-InstalledVcRedist.Validate Get-InstalledVcRedist array properties.VcRedist 'Microsoft Visual C++ 2008 Redistributable - x86 9.0.30729' has expected properties" time="0.0056" asserts="0" success="True" result="Success" executed="True" />
                  <test-case description="VcRedist 'Microsoft Visual C++ 2008 Redistributable - x86 9.0.30729.17' has expected properties" name="Get-InstalledVcRedist.Validate Get-InstalledVcRedist array properties.VcRedist 'Microsoft Visual C++ 2008 Redistributable - x86 9.0.30729.17' has expected properties" time="0.0056" asserts="0" success="True" result="Success" executed="True" />
                  <test-case description="VcRedist 'Microsoft Visual C++ 2008 Redistributable - x86 9.0.30729.4974' has expected properties" name="Get-InstalledVcRedist.Validate Get-InstalledVcRedist array properties.VcRedist 'Microsoft Visual C++ 2008 Redistributable - x86 9.0.30729.4974' has expected properties" time="0.0053" asserts="0" success="True" result="Success" executed="True" />
                  <test-case description="VcRedist 'Microsoft Visual C++ 2008 Redistributable - x86 9.0.30729.6161' has expected properties" name="Get-InstalledVcRedist.Validate Get-InstalledVcRedist array properties.VcRedist 'Microsoft Visual C++ 2008 Redistributable - x86 9.0.30729.6161' has expected properties" time="0.0056" asserts="0" success="True" result="Success" executed="True" />
                  <test-case description="VcRedist 'Microsoft Visual C++ 2010  x64 Redistributable - 10.0.40219' has expected properties" name="Get-InstalledVcRedist.Validate Get-InstalledVcRedist array properties.VcRedist 'Microsoft Visual C++ 2010  x64 Redistributable - 10.0.40219' has expected properties" time="0.0054" asserts="0" success="True" result="Success" executed="True" />
                  <test-case description="VcRedist 'Microsoft Visual C++ 2010  x64 Runtime - 10.0.40219' has expected properties" name="Get-InstalledVcRedist.Validate Get-InstalledVcRedist array properties.VcRedist 'Microsoft Visual C++ 2010  x64 Runtime - 10.0.40219' has expected properties" time="0.0057" asserts="0" success="True" result="Success" executed="True" />
                  <test-case description="VcRedist 'Microsoft Visual C++ 2010  x86 Redistributable - 10.0.40219' has expected properties" name="Get-InstalledVcRedist.Validate Get-InstalledVcRedist array properties.VcRedist 'Microsoft Visual C++ 2010  x86 Redistributable - 10.0.40219' has expected properties" time="0.0057" asserts="0" success="True" result="Success" executed="True" />
                  <test-case description="VcRedist 'Microsoft Visual C++ 2010  x86 Runtime - 10.0.40219' has expected properties" name="Get-InstalledVcRedist.Validate Get-InstalledVcRedist array properties.VcRedist 'Microsoft Visual C++ 2010  x86 Runtime - 10.0.40219' has expected properties" time="0.0054" asserts="0" success="True" result="Success" executed="True" />
                  <test-case description="VcRedist 'Microsoft Visual C++ 2010 Express - ENU' has expected properties" name="Get-InstalledVcRedist.Validate Get-InstalledVcRedist array properties.VcRedist 'Microsoft Visual C++ 2010 Express - ENU' has expected properties" time="0.0056" asserts="0" success="True" result="Success" executed="True" />
                  <test-case description="VcRedist 'Microsoft Visual C++ 2012 32bit Compilers - ENU Resources' has expected properties" name="Get-InstalledVcRedist.Validate Get-InstalledVcRedist array properties.VcRedist 'Microsoft Visual C++ 2012 32bit Compilers - ENU Resources' has expected properties" time="0.0095" asserts="0" success="True" result="Success" executed="True" />
                  <test-case description="VcRedist 'Microsoft Visual C++ 2012 Compilers' has expected properties" name="Get-InstalledVcRedist.Validate Get-InstalledVcRedist array properties.VcRedist 'Microsoft Visual C++ 2012 Compilers' has expected properties" time="0.0057" asserts="0" success="True" result="Success" executed="True" />
                  <test-case description="VcRedist 'Microsoft Visual C++ 2012 Compilers - ENU Resources' has expected properties" name="Get-InstalledVcRedist.Validate Get-InstalledVcRedist array properties.VcRedist 'Microsoft Visual C++ 2012 Compilers - ENU Resources' has expected properties" time="0.0057" asserts="0" success="True" result="Success" executed="True" />
                  <test-case description="VcRedist 'Microsoft Visual C++ 2012 Compilers For Windows Phone' has expected properties" name="Get-InstalledVcRedist.Validate Get-InstalledVcRedist array properties.VcRedist 'Microsoft Visual C++ 2012 Compilers For Windows Phone' has expected properties" time="0.0096" asserts="0" success="True" result="Success" executed="True" />
                  <test-case description="VcRedist 'Microsoft Visual C++ 2012 Compilers For Windows Phone - ENU Resources' has expected properties" name="Get-InstalledVcRedist.Validate Get-InstalledVcRedist array properties.VcRedist 'Microsoft Visual C++ 2012 Compilers For Windows Phone - ENU Resources' has expected properties" time="0.0063" asserts="0" success="True" result="Success" executed="True" />
                  <test-case description="VcRedist 'Microsoft Visual C++ 2012 Core Libraries' has expected properties" name="Get-InstalledVcRedist.Validate Get-InstalledVcRedist array properties.VcRedist 'Microsoft Visual C++ 2012 Core Libraries' has expected properties" time="0.0065" asserts="0" success="True" result="Success" executed="True" />
                  <test-case description="VcRedist 'Microsoft Visual C++ 2012 Core Libraries' has expected properties" name="Get-InstalledVcRedist.Validate Get-InstalledVcRedist array properties.VcRedist 'Microsoft Visual C++ 2012 Core Libraries' has expected properties" time="0.0057" asserts="0" success="True" result="Success" executed="True" />
                  <test-case description="VcRedist 'Microsoft Visual C++ 2012 Core Libraries For Windows Phone' has expected properties" name="Get-InstalledVcRedist.Validate Get-InstalledVcRedist array properties.VcRedist 'Microsoft Visual C++ 2012 Core Libraries For Windows Phone' has expected properties" time="0.0066" asserts="0" success="True" result="Success" executed="True" />
                  <test-case description="VcRedist 'Microsoft Visual C++ 2012 Redistributable (x64) - 11.0.61030' has expected properties" name="Get-InstalledVcRedist.Validate Get-InstalledVcRedist array properties.VcRedist 'Microsoft Visual C++ 2012 Redistributable (x64) - 11.0.61030' has expected properties" time="0.0059" asserts="0" success="True" result="Success" executed="True" />
                  <test-case description="VcRedist 'Microsoft Visual C++ 2012 Redistributable (x86) - 11.0.61030' has expected properties" name="Get-InstalledVcRedist.Validate Get-InstalledVcRedist array properties.VcRedist 'Microsoft Visual C++ 2012 Redistributable (x86) - 11.0.61030' has expected properties" time="0.0058" asserts="0" success="True" result="Success" executed="True" />
                  <test-case description="VcRedist 'Microsoft Visual C++ 2012 x64 Debug Runtime - 11.0.60610' has expected properties" name="Get-InstalledVcRedist.Validate Get-InstalledVcRedist array properties.VcRedist 'Microsoft Visual C++ 2012 x64 Debug Runtime - 11.0.60610' has expected properties" time="0.0074" asserts="0" success="True" result="Success" executed="True" />
                  <test-case description="VcRedist 'Microsoft Visual C++ 2012 x86 Debug Runtime - 11.0.60610' has expected properties" name="Get-InstalledVcRedist.Validate Get-InstalledVcRedist array properties.VcRedist 'Microsoft Visual C++ 2012 x86 Debug Runtime - 11.0.60610' has expected properties" time="0.0061" asserts="0" success="True" result="Success" executed="True" />
                  <test-case description="VcRedist 'Microsoft Visual C++ 2012 x86-x64 Compilers' has expected properties" name="Get-InstalledVcRedist.Validate Get-InstalledVcRedist array properties.VcRedist 'Microsoft Visual C++ 2012 x86-x64 Compilers' has expected properties" time="0.0059" asserts="0" success="True" result="Success" executed="True" />
                  <test-case description="VcRedist 'Microsoft Visual C++ 2012 x86-x64 Compilers' has expected properties" name="Get-InstalledVcRedist.Validate Get-InstalledVcRedist array properties.VcRedist 'Microsoft Visual C++ 2012 x86-x64 Compilers' has expected properties" time="0.0065" asserts="0" success="True" result="Success" executed="True" />
                  <test-case description="VcRedist 'Microsoft Visual C++ 2013  x64 Designtime - 12.0.21005' has expected properties" name="Get-InstalledVcRedist.Validate Get-InstalledVcRedist array properties.VcRedist 'Microsoft Visual C++ 2013  x64 Designtime - 12.0.21005' has expected properties" time="0.0084" asserts="0" success="True" result="Success" executed="True" />
                  <test-case description="VcRedist 'Microsoft Visual C++ 2013 32bit Compilers - ENU Resources' has expected properties" name="Get-InstalledVcRedist.Validate Get-InstalledVcRedist array properties.VcRedist 'Microsoft Visual C++ 2013 32bit Compilers - ENU Resources' has expected properties" time="0.006" asserts="0" success="True" result="Success" executed="True" />
                  <test-case description="VcRedist 'Microsoft Visual C++ 2013 Compilers' has expected properties" name="Get-InstalledVcRedist.Validate Get-InstalledVcRedist array properties.VcRedist 'Microsoft Visual C++ 2013 Compilers' has expected properties" time="0.0077" asserts="0" success="True" result="Success" executed="True" />
                  <test-case description="VcRedist 'Microsoft Visual C++ 2013 Compilers - ENU Resources' has expected properties" name="Get-InstalledVcRedist.Validate Get-InstalledVcRedist array properties.VcRedist 'Microsoft Visual C++ 2013 Compilers - ENU Resources' has expected properties" time="0.006" asserts="0" success="True" result="Success" executed="True" />
                  <test-case description="VcRedist 'Microsoft Visual C++ 2013 Core Libraries' has expected properties" name="Get-InstalledVcRedist.Validate Get-InstalledVcRedist array properties.VcRedist 'Microsoft Visual C++ 2013 Core Libraries' has expected properties" time="0.0062" asserts="0" success="True" result="Success" executed="True" />
                  <test-case description="VcRedist 'Microsoft Visual C++ 2013 Core Libraries' has expected properties" name="Get-InstalledVcRedist.Validate Get-InstalledVcRedist array properties.VcRedist 'Microsoft Visual C++ 2013 Core Libraries' has expected properties" time="0.0108" asserts="0" success="True" result="Success" executed="True" />
                  <test-case description="VcRedist 'Microsoft Visual C++ 2013 Extended Libraries' has expected properties" name="Get-InstalledVcRedist.Validate Get-InstalledVcRedist array properties.VcRedist 'Microsoft Visual C++ 2013 Extended Libraries' has expected properties" time="0.0056" asserts="0" success="True" result="Success" executed="True" />
                  <test-case description="VcRedist 'Microsoft Visual C++ 2013 Microsoft Foundation Class Libraries' has expected properties" name="Get-InstalledVcRedist.Validate Get-InstalledVcRedist array properties.VcRedist 'Microsoft Visual C++ 2013 Microsoft Foundation Class Libraries' has expected properties" time="0.0055" asserts="0" success="True" result="Success" executed="True" />
                  <test-case description="VcRedist 'Microsoft Visual C++ 2013 Redistributable (x64) - 12.0.21005' has expected properties" name="Get-InstalledVcRedist.Validate Get-InstalledVcRedist array properties.VcRedist 'Microsoft Visual C++ 2013 Redistributable (x64) - 12.0.21005' has expected properties" time="0.0054" asserts="0" success="True" result="Success" executed="True" />
                  <test-case description="VcRedist 'Microsoft Visual C++ 2013 Redistributable (x64) - 12.0.30501' has expected properties" name="Get-InstalledVcRedist.Validate Get-InstalledVcRedist array properties.VcRedist 'Microsoft Visual C++ 2013 Redistributable (x64) - 12.0.30501' has expected properties" time="0.0055" asserts="0" success="True" result="Success" executed="True" />
                  <test-case description="VcRedist 'Microsoft Visual C++ 2013 Redistributable (x64) - 12.0.40664' has expected properties" name="Get-InstalledVcRedist.Validate Get-InstalledVcRedist array properties.VcRedist 'Microsoft Visual C++ 2013 Redistributable (x64) - 12.0.40664' has expected properties" time="0.0055" asserts="0" success="True" result="Success" executed="True" />
                  <test-case description="VcRedist 'Microsoft Visual C++ 2013 Redistributable (x86) - 12.0.21005' has expected properties" name="Get-InstalledVcRedist.Validate Get-InstalledVcRedist array properties.VcRedist 'Microsoft Visual C++ 2013 Redistributable (x86) - 12.0.21005' has expected properties" time="0.0053" asserts="0" success="True" result="Success" executed="True" />
                  <test-case description="VcRedist 'Microsoft Visual C++ 2013 Redistributable (x86) - 12.0.30501' has expected properties" name="Get-InstalledVcRedist.Validate Get-InstalledVcRedist array properties.VcRedist 'Microsoft Visual C++ 2013 Redistributable (x86) - 12.0.30501' has expected properties" time="0.007" asserts="0" success="True" result="Success" executed="True" />
                  <test-case description="VcRedist 'Microsoft Visual C++ 2013 Redistributable (x86) - 12.0.40664' has expected properties" name="Get-InstalledVcRedist.Validate Get-InstalledVcRedist array properties.VcRedist 'Microsoft Visual C++ 2013 Redistributable (x86) - 12.0.40664' has expected properties" time="0.0055" asserts="0" success="True" result="Success" executed="True" />
                  <test-case description="VcRedist 'Microsoft Visual C++ 2013 x64 Debug Runtime - 12.0.21005' has expected properties" name="Get-InstalledVcRedist.Validate Get-InstalledVcRedist array properties.VcRedist 'Microsoft Visual C++ 2013 x64 Debug Runtime - 12.0.21005' has expected properties" time="0.0055" asserts="0" success="True" result="Success" executed="True" />
                  <test-case description="VcRedist 'Microsoft Visual C++ 2013 x86 Debug Runtime - 12.0.21005' has expected properties" name="Get-InstalledVcRedist.Validate Get-InstalledVcRedist array properties.VcRedist 'Microsoft Visual C++ 2013 x86 Debug Runtime - 12.0.21005' has expected properties" time="0.0069" asserts="0" success="True" result="Success" executed="True" />
                  <test-case description="VcRedist 'Microsoft Visual C++ 2013 x86-x64 Compilers' has expected properties" name="Get-InstalledVcRedist.Validate Get-InstalledVcRedist array properties.VcRedist 'Microsoft Visual C++ 2013 x86-x64 Compilers' has expected properties" time="0.0054" asserts="0" success="True" result="Success" executed="True" />
                  <test-case description="VcRedist 'Microsoft Visual C++ 2015 x64 Debug Runtime - 14.0.24215' has expected properties" name="Get-InstalledVcRedist.Validate Get-InstalledVcRedist array properties.VcRedist 'Microsoft Visual C++ 2015 x64 Debug Runtime - 14.0.24215' has expected properties" time="0.0054" asserts="0" success="True" result="Success" executed="True" />
                  <test-case description="VcRedist 'Microsoft Visual C++ 2015 x86 Debug Runtime - 14.0.24215' has expected properties" name="Get-InstalledVcRedist.Validate Get-InstalledVcRedist array properties.VcRedist 'Microsoft Visual C++ 2015 x86 Debug Runtime - 14.0.24215' has expected properties" time="0.0052" asserts="0" success="True" result="Success" executed="True" />
                  <test-case description="VcRedist 'Microsoft Visual C++ 2015-2019 Redistributable (x64) - 14.23.27820' has expected properties" name="Get-InstalledVcRedist.Validate Get-InstalledVcRedist array properties.VcRedist 'Microsoft Visual C++ 2015-2019 Redistributable (x64) - 14.23.27820' has expected properties" time="0.0054" asserts="0" success="True" result="Success" executed="True" />
                  <test-case description="VcRedist 'Microsoft Visual C++ 2015-2019 Redistributable (x86) - 14.23.27820' has expected properties" name="Get-InstalledVcRedist.Validate Get-InstalledVcRedist array properties.VcRedist 'Microsoft Visual C++ 2015-2019 Redistributable (x86) - 14.23.27820' has expected properties" time="0.0054" asserts="0" success="True" result="Success" executed="True" />
                  <test-case description="VcRedist 'Microsoft Visual C++ Compiler Package for Python 2.7' has expected properties" name="Get-InstalledVcRedist.Validate Get-InstalledVcRedist array properties.VcRedist 'Microsoft Visual C++ Compiler Package for Python 2.7' has expected properties" time="0.0054" asserts="0" success="True" result="Success" executed="True" />
                  <test-case description="VcRedist 'Microsoft Visual C++ Compilers 2008 Standard Edition - enu - x64' has expected properties" name="Get-InstalledVcRedist.Validate Get-InstalledVcRedist array properties.VcRedist 'Microsoft Visual C++ Compilers 2008 Standard Edition - enu - x64' has expected properties" time="0.0067" asserts="0" success="True" result="Success" executed="True" />
                  <test-case description="VcRedist 'Microsoft Visual C++ Compilers 2008 Standard Edition - enu - x86' has expected properties" name="Get-InstalledVcRedist.Validate Get-InstalledVcRedist array properties.VcRedist 'Microsoft Visual C++ Compilers 2008 Standard Edition - enu - x86' has expected properties" time="0.0052" asserts="0" success="True" result="Success" executed="True" />
                  <test-case description="VcRedist 'Microsoft Visual C++ Compilers 2010 SP1 Standard - x64' has expected properties" name="Get-InstalledVcRedist.Validate Get-InstalledVcRedist array properties.VcRedist 'Microsoft Visual C++ Compilers 2010 SP1 Standard - x64' has expected properties" time="0.0053" asserts="0" success="True" result="Success" executed="True" />
                  <test-case description="VcRedist 'Microsoft Visual C++ Compilers 2010 SP1 Standard - x86' has expected properties" name="Get-InstalledVcRedist.Validate Get-InstalledVcRedist array properties.VcRedist 'Microsoft Visual C++ Compilers 2010 SP1 Standard - x86' has expected properties" time="0.007" asserts="0" success="True" result="Success" executed="True" />
                </results>
              </test-suite>
            </results>
          </test-suite>
          <test-suite type="TestFixture" name="Uninstall-VcRedist" executed="True" result="Success" success="True" time="111.5544" asserts="0" description="Uninstall-VcRedist">
            <results>
              <test-suite type="TestFixture" name="Uninstall VcRedists" executed="True" result="Success" success="True" time="111.5214" asserts="0" description="Uninstall VcRedists">
                <results />
              </test-suite>
            </results>
          </test-suite>
        </results>
      </test-suite>
    </results>
  </test-suite>
</test-results>