<?xml version="1.0" encoding="utf-8" standalone="no"?>
<test-results xmlns:xsi="http://www.w3.org/2001/XMLSchema-instance" xsi:noNamespaceSchemaLocation="nunit_schema_2.5.xsd" name="Pester" total="35" errors="0" failures="0" not-run="1" inconclusive="0" ignored="0" skipped="0" invalid="0" date="2022-06-30" time="13:36:05">
  <environment clr-version="4.0.30319.42000" user-domain="fv-az177-265" cwd="D:\a\vcredist\vcredist" platform="Microsoft Windows Server 2019 Datacenter|C:\Windows|\Device\Harddisk0\Partition2" machine-name="fv-az177-265" nunit-version="2.5.8.0" os-version="10.0.17763" user="runneradmin" />
  <culture-info current-culture="en-US" current-uiculture="en-US" />
  <test-suite type="TestFixture" name="Pester" executed="True" result="Success" success="True" time="291.9352" asserts="0" description="Pester">
    <results>
      <test-suite type="TestFixture" name="D:\a\vcredist\vcredist\tests\Module.Tests.ps1" executed="True" result="Success" success="True" time="5.0528" asserts="0" description="D:\a\vcredist\vcredist\tests\Module.Tests.ps1">
        <results>
          <test-suite type="TestFixture" name="Module Metadata validation" executed="True" result="Success" success="True" time="2.2898" asserts="0" description="Module Metadata validation">
            <results>
              <test-suite type="TestFixture" name="Module Metadata validation.File info" executed="True" result="Success" success="True" time="2.0006" asserts="0" description="Module Metadata validation.File info">
                <results>
                  <test-case description="Script fileinfo should be OK" name="Module Metadata validation.File info.Script fileinfo should be OK" time="1.054" asserts="0" success="True" result="Success" executed="True" />
                  <test-case description="Import module should be OK" name="Module Metadata validation.File info.Import module should be OK" time="0.3356" asserts="0" success="True" result="Success" executed="True" />
                </results>
              </test-suite>
            </results>
          </test-suite>
        </results>
      </test-suite>
      <test-suite type="TestFixture" name="D:\a\vcredist\vcredist\tests\PrivateFunctions.Tests.ps1" executed="True" result="Success" success="True" time="5.4848" asserts="0" description="D:\a\vcredist\vcredist\tests\PrivateFunctions.Tests.ps1">
        <results>
          <test-suite type="TestFixture" name="New-MdtApplicationFolder" executed="True" result="Success" success="True" time="2.9682" asserts="0" description="New-MdtApplicationFolder">
            <results>
              <test-suite type="TestFixture" name="New-MdtApplicationFolder.Application folder exists" executed="True" result="Success" success="True" time="2.0816" asserts="0" description="New-MdtApplicationFolder.Application folder exists">
                <results>
                  <test-case description="Returns True if the Application folder exists" name="New-MdtApplicationFolder.Application folder exists.Returns True if the Application folder exists" time="1.9531" asserts="0" success="True" result="Success" executed="True" />
                </results>
              </test-suite>
              <test-suite type="TestFixture" name="New-MdtApplicationFolder.Creates a new Packages folder" executed="True" result="Success" success="True" time="2.8442" asserts="0" description="New-MdtApplicationFolder.Creates a new Packages folder">
                <results>
                  <test-case description="Successfully creates a Application folder" name="New-MdtApplicationFolder.Creates a new Packages folder.Successfully creates a Application folder" time="0.624" asserts="0" success="True" result="Success" executed="True" />
                </results>
              </test-suite>
            </results>
          </test-suite>
          <test-suite type="TestFixture" name="Test-PSCore" executed="True" result="Success" success="True" time="3.8281" asserts="0" description="Test-PSCore">
            <results>
              <test-suite type="TestFixture" name="Test-PSCore.Tests whether we are running on PowerShell Core" executed="True" result="Success" success="True" time="0.2514" asserts="0" description="Test-PSCore.Tests whether we are running on PowerShell Core">
                <results>
                  <test-case description="Imports the MDT PowerShell module and returns True" name="Test-PSCore.Tests whether we are running on PowerShell Core.Imports the MDT PowerShell module and returns True" time="0.1177" asserts="0" success="True" result="Success" executed="True" />
                </results>
              </test-suite>
              <test-suite type="TestFixture" name="Test-PSCore.Tests whether we are running on Windows PowerShell" executed="True" result="Success" success="True" time="0.6109" asserts="0" description="Test-PSCore.Tests whether we are running on Windows PowerShell">
                <results>
                  <test-case description="Returns False if running Windows PowerShell" name="Test-PSCore.Tests whether we are running on Windows PowerShell.Returns False if running Windows PowerShell" time="0.208" asserts="0" success="True" result="Success" executed="True" />
                </results>
              </test-suite>
            </results>
          </test-suite>
          <test-suite type="TestFixture" name="New-TemporaryFolder" executed="True" result="Success" success="True" time="4.2754" asserts="0" description="New-TemporaryFolder">
            <results>
              <test-suite type="TestFixture" name="New-TemporaryFolder.Test New-TemporaryFolder" executed="True" result="Success" success="True" time="0.2643" asserts="0" description="New-TemporaryFolder.Test New-TemporaryFolder">
                <results>
                  <test-case description="Creates a temporary directory" name="New-TemporaryFolder.Test New-TemporaryFolder.Creates a temporary directory" time="0.1354" asserts="0" success="True" result="Success" executed="True" />
                </results>
              </test-suite>
            </results>
          </test-suite>
        </results>
      </test-suite>
      <test-suite type="TestFixture" name="D:\a\vcredist\vcredist\tests\PublicFunctions.Tests.ps1" executed="True" result="Success" success="True" time="244.5747" asserts="0" description="D:\a\vcredist\vcredist\tests\PublicFunctions.Tests.ps1">
        <results>
          <test-suite type="TestFixture" name="Validate Get-VcList for Visual C++ Redistributable for Visual Studio 2012 Update 4" executed="True" result="Success" success="True" time="0.6623" asserts="0" description="Validate Get-VcList for Visual C++ Redistributable for Visual Studio 2012 Update 4">
            <results>
              <test-suite type="TestFixture" name="Validate Get-VcList for Visual C++ Redistributable for Visual Studio 2012 Update 4.Validate Get-VcList array properties" executed="True" result="Success" success="True" time="0.5271" asserts="0" description="Validate Get-VcList for Visual C++ Redistributable for Visual Studio 2012 Update 4.Validate Get-VcList array properties">
                <results>
                  <test-case description="VcRedist [, ] has expected properties" name="Validate Get-VcList for Visual C++ Redistributable for Visual Studio 2012 Update 4.Validate Get-VcList array properties.VcRedist [, ] has expected properties" time="0.3977" asserts="0" success="True" result="Success" executed="True" />
                </results>
              </test-suite>
            </results>
          </test-suite>
          <test-suite type="TestFixture" name="Validate Get-VcList for Visual C++ Redistributable for Visual Studio 2012 Update 4" executed="True" result="Success" success="True" time="1.2645" asserts="0" description="Validate Get-VcList for Visual C++ Redistributable for Visual Studio 2012 Update 4">
            <results>
              <test-suite type="TestFixture" name="Validate Get-VcList for Visual C++ Redistributable for Visual Studio 2012 Update 4.Validate Get-VcList array properties" executed="True" result="Success" success="True" time="0.4667" asserts="0" description="Validate Get-VcList for Visual C++ Redistributable for Visual Studio 2012 Update 4.Validate Get-VcList array properties">
                <results>
                  <test-case description="VcRedist [, ] has expected properties" name="Validate Get-VcList for Visual C++ Redistributable for Visual Studio 2012 Update 4.Validate Get-VcList array properties.VcRedist [, ] has expected properties" time="0.3369" asserts="0" success="True" result="Success" executed="True" />
                </results>
              </test-suite>
            </results>
          </test-suite>
          <test-suite type="TestFixture" name="Validate Get-VcList for Visual C++ 2013 Update 5 Redistributable Package" executed="True" result="Success" success="True" time="1.8755" asserts="0" description="Validate Get-VcList for Visual C++ 2013 Update 5 Redistributable Package">
            <results>
              <test-suite type="TestFixture" name="Validate Get-VcList for Visual C++ 2013 Update 5 Redistributable Package.Validate Get-VcList array properties" executed="True" result="Success" success="True" time="0.4826" asserts="0" description="Validate Get-VcList for Visual C++ 2013 Update 5 Redistributable Package.Validate Get-VcList array properties">
                <results>
                  <test-case description="VcRedist [, ] has expected properties" name="Validate Get-VcList for Visual C++ 2013 Update 5 Redistributable Package.Validate Get-VcList array properties.VcRedist [, ] has expected properties" time="0.3514" asserts="0" success="True" result="Success" executed="True" />
                </results>
              </test-suite>
            </results>
          </test-suite>
          <test-suite type="TestFixture" name="Validate Get-VcList for Visual C++ 2013 Update 5 Redistributable Package" executed="True" result="Success" success="True" time="2.4666" asserts="0" description="Validate Get-VcList for Visual C++ 2013 Update 5 Redistributable Package">
            <results>
              <test-suite type="TestFixture" name="Validate Get-VcList for Visual C++ 2013 Update 5 Redistributable Package.Validate Get-VcList array properties" executed="True" result="Success" success="True" time="0.4597" asserts="0" description="Validate Get-VcList for Visual C++ 2013 Update 5 Redistributable Package.Validate Get-VcList array properties">
                <results>
                  <test-case description="VcRedist [, ] has expected properties" name="Validate Get-VcList for Visual C++ 2013 Update 5 Redistributable Package.Validate Get-VcList array properties.VcRedist [, ] has expected properties" time="0.3316" asserts="0" success="True" result="Success" executed="True" />
                </results>
              </test-suite>
            </results>
          </test-suite>
          <test-suite type="TestFixture" name="Validate Get-VcList for Visual C++ 2015 Redistributable Update 3" executed="True" result="Success" success="True" time="3.0563" asserts="0" description="Validate Get-VcList for Visual C++ 2015 Redistributable Update 3">
            <results>
              <test-suite type="TestFixture" name="Validate Get-VcList for Visual C++ 2015 Redistributable Update 3.Validate Get-VcList array properties" executed="True" result="Success" success="True" time="0.4632" asserts="0" description="Validate Get-VcList for Visual C++ 2015 Redistributable Update 3.Validate Get-VcList array properties">
                <results>
                  <test-case description="VcRedist [, ] has expected properties" name="Validate Get-VcList for Visual C++ 2015 Redistributable Update 3.Validate Get-VcList array properties.VcRedist [, ] has expected properties" time="0.3344" asserts="0" success="True" result="Success" executed="True" />
                </results>
              </test-suite>
            </results>
          </test-suite>
          <test-suite type="TestFixture" name="Validate Get-VcList for Visual C++ 2015 Redistributable Update 3" executed="True" result="Success" success="True" time="3.647" asserts="0" description="Validate Get-VcList for Visual C++ 2015 Redistributable Update 3">
            <results>
              <test-suite type="TestFixture" name="Validate Get-VcList for Visual C++ 2015 Redistributable Update 3.Validate Get-VcList array properties" executed="True" result="Success" success="True" time="0.4609" asserts="0" description="Validate Get-VcList for Visual C++ 2015 Redistributable Update 3.Validate Get-VcList array properties">
                <results>
                  <test-case description="VcRedist [, ] has expected properties" name="Validate Get-VcList for Visual C++ 2015 Redistributable Update 3.Validate Get-VcList array properties.VcRedist [, ] has expected properties" time="0.3293" asserts="0" success="True" result="Success" executed="True" />
                </results>
              </test-suite>
            </results>
          </test-suite>
          <test-suite type="TestFixture" name="Validate Get-VcList for Visual C++ Redistributable for Visual Studio 2017" executed="True" result="Success" success="True" time="4.2369" asserts="0" description="Validate Get-VcList for Visual C++ Redistributable for Visual Studio 2017">
            <results>
              <test-suite type="TestFixture" name="Validate Get-VcList for Visual C++ Redistributable for Visual Studio 2017.Validate Get-VcList array properties" executed="True" result="Success" success="True" time="0.4619" asserts="0" description="Validate Get-VcList for Visual C++ Redistributable for Visual Studio 2017.Validate Get-VcList array properties">
                <results>
                  <test-case description="VcRedist [, ] has expected properties" name="Validate Get-VcList for Visual C++ Redistributable for Visual Studio 2017.Validate Get-VcList array properties.VcRedist [, ] has expected properties" time="0.3287" asserts="0" success="True" result="Success" executed="True" />
                </results>
              </test-suite>
            </results>
          </test-suite>
          <test-suite type="TestFixture" name="Validate Get-VcList for Visual C++ Redistributable for Visual Studio 2017" executed="True" result="Success" success="True" time="4.8201" asserts="0" description="Validate Get-VcList for Visual C++ Redistributable for Visual Studio 2017">
            <results>
              <test-suite type="TestFixture" name="Validate Get-VcList for Visual C++ Redistributable for Visual Studio 2017.Validate Get-VcList array properties" executed="True" result="Success" success="True" time="0.4566" asserts="0" description="Validate Get-VcList for Visual C++ Redistributable for Visual Studio 2017.Validate Get-VcList array properties">
                <results>
                  <test-case description="VcRedist [, ] has expected properties" name="Validate Get-VcList for Visual C++ Redistributable for Visual Studio 2017.Validate Get-VcList array properties.VcRedist [, ] has expected properties" time="0.3271" asserts="0" success="True" result="Success" executed="True" />
                </results>
              </test-suite>
            </results>
          </test-suite>
          <test-suite type="TestFixture" name="Validate Get-VcList for Visual C++ Redistributable for Visual Studio 2019" executed="True" result="Success" success="True" time="5.4163" asserts="0" description="Validate Get-VcList for Visual C++ Redistributable for Visual Studio 2019">
            <results>
              <test-suite type="TestFixture" name="Validate Get-VcList for Visual C++ Redistributable for Visual Studio 2019.Validate Get-VcList array properties" executed="True" result="Success" success="True" time="0.4604" asserts="0" description="Validate Get-VcList for Visual C++ Redistributable for Visual Studio 2019.Validate Get-VcList array properties">
                <results>
                  <test-case description="VcRedist [, ] has expected properties" name="Validate Get-VcList for Visual C++ Redistributable for Visual Studio 2019.Validate Get-VcList array properties.VcRedist [, ] has expected properties" time="0.3278" asserts="0" success="True" result="Success" executed="True" />
                </results>
              </test-suite>
            </results>
          </test-suite>
          <test-suite type="TestFixture" name="Validate Get-VcList for Visual C++ Redistributable for Visual Studio 2019" executed="True" result="Success" success="True" time="6.0274" asserts="0" description="Validate Get-VcList for Visual C++ Redistributable for Visual Studio 2019">
            <results>
              <test-suite type="TestFixture" name="Validate Get-VcList for Visual C++ Redistributable for Visual Studio 2019.Validate Get-VcList array properties" executed="True" result="Success" success="True" time="0.4801" asserts="0" description="Validate Get-VcList for Visual C++ Redistributable for Visual Studio 2019.Validate Get-VcList array properties">
                <results>
                  <test-case description="VcRedist [, ] has expected properties" name="Validate Get-VcList for Visual C++ Redistributable for Visual Studio 2019.Validate Get-VcList array properties.VcRedist [, ] has expected properties" time="0.3285" asserts="0" success="True" result="Success" executed="True" />
                </results>
              </test-suite>
            </results>
          </test-suite>
          <test-suite type="TestFixture" name="Validate Get-VcList for Visual C++ Redistributable for Visual Studio 2022" executed="True" result="Success" success="True" time="6.6331" asserts="0" description="Validate Get-VcList for Visual C++ Redistributable for Visual Studio 2022">
            <results>
              <test-suite type="TestFixture" name="Validate Get-VcList for Visual C++ Redistributable for Visual Studio 2022.Validate Get-VcList array properties" executed="True" result="Success" success="True" time="0.4714" asserts="0" description="Validate Get-VcList for Visual C++ Redistributable for Visual Studio 2022.Validate Get-VcList array properties">
                <results>
                  <test-case description="VcRedist [, ] has expected properties" name="Validate Get-VcList for Visual C++ Redistributable for Visual Studio 2022.Validate Get-VcList array properties.VcRedist [, ] has expected properties" time="0.3284" asserts="0" success="True" result="Success" executed="True" />
                </results>
              </test-suite>
            </results>
          </test-suite>
          <test-suite type="TestFixture" name="Validate Get-VcList for Visual C++ Redistributable for Visual Studio 2022" executed="True" result="Success" success="True" time="7.233" asserts="0" description="Validate Get-VcList for Visual C++ Redistributable for Visual Studio 2022">
            <results>
              <test-suite type="TestFixture" name="Validate Get-VcList for Visual C++ Redistributable for Visual Studio 2022.Validate Get-VcList array properties" executed="True" result="Success" success="True" time="0.4722" asserts="0" description="Validate Get-VcList for Visual C++ Redistributable for Visual Studio 2022.Validate Get-VcList array properties">
                <results>
                  <test-case description="VcRedist [, ] has expected properties" name="Validate Get-VcList for Visual C++ Redistributable for Visual Studio 2022.Validate Get-VcList array properties.VcRedist [, ] has expected properties" time="0.3298" asserts="0" success="True" result="Success" executed="True" />
                </results>
              </test-suite>
            </results>
          </test-suite>
          <test-suite type="TestFixture" name="Validate manifest counts" executed="True" result="Success" success="True" time="8.4268" asserts="0" description="Validate manifest counts">
            <results>
              <test-suite type="TestFixture" name="Validate manifest counts.Return built-in manifest" executed="True" result="Success" success="True" time="1.0707" asserts="0" description="Validate manifest counts.Return built-in manifest">
                <results>
                  <test-case description="Given no parameters, it returns supported Visual C++ Redistributables" name="Validate manifest counts.Return built-in manifest.Given no parameters, it returns supported Visual C++ Redistributables" time="0.2657" asserts="0" success="True" result="Success" executed="True" />
                  <test-case description="Given valid parameter -Export All, it returns all Visual C++ Redistributables" name="Validate manifest counts.Return built-in manifest.Given valid parameter -Export All, it returns all Visual C++ Redistributables" time="0.2567" asserts="0" success="True" result="Success" executed="True" />
                  <test-case description="Given valid parameter -Export Supported, it returns all Visual C++ Redistributables" name="Validate manifest counts.Return built-in manifest.Given valid parameter -Export Supported, it returns all Visual C++ Redistributables" time="0.1896" asserts="0" success="True" result="Success" executed="True" />
                  <test-case description="Given valid parameter -Export Unsupported, it returns unsupported Visual C++ Redistributables" name="Validate manifest counts.Return built-in manifest.Given valid parameter -Export Unsupported, it returns unsupported Visual C++ Redistributables" time="0.2237" asserts="0" success="True" result="Success" executed="True" />
                </results>
              </test-suite>
            </results>
          </test-suite>
          <test-suite type="TestFixture" name="Validate manifest scenarios" executed="True" result="Success" success="True" time="10.085" asserts="0" description="Validate manifest scenarios">
            <results>
              <test-suite type="TestFixture" name="Validate manifest scenarios.Validation" executed="True" result="Success" success="True" time="1.5422" asserts="0" description="Validate manifest scenarios.Validation">
                <results>
                  <test-case description="Given valid parameter -Path, it returns Visual C++ Redistributables from an external manifest" name="Validate manifest scenarios.Validation.Given valid parameter -Path, it returns Visual C++ Redistributables from an external manifest" time="0.1756" asserts="0" success="True" result="Success" executed="True" />
                  <test-case description="Given an JSON file that does not exist, it should throw an error" name="Validate manifest scenarios.Validation.Given an JSON file that does not exist, it should throw an error" time="0.4751" asserts="0" success="True" result="Success" executed="True" />
                  <test-case description="Given an invalid JSON file, should throw an error on read" name="Validate manifest scenarios.Validation.Given an invalid JSON file, should throw an error on read" time="0.682" asserts="0" success="True" result="Success" executed="True" />
                </results>
              </test-suite>
            </results>
          </test-suite>
          <test-suite type="TestFixture" name="Export-VcManifest" executed="True" result="Success" success="True" time="10.8185" asserts="0" description="Export-VcManifest">
            <results>
              <test-suite type="TestFixture" name="Export-VcManifest.Validation" executed="True" result="Success" success="True" time="0.6046" asserts="0" description="Export-VcManifest.Validation">
                <results>
                  <test-case description="Given valid parameter -Path, it exports an JSON file" name="Export-VcManifest.Validation.Given valid parameter -Path, it exports an JSON file" time="0.1284" asserts="0" success="True" result="Success" executed="True" />
                  <test-case description="Given valid parameter -Path, it exports an JSON file" name="Export-VcManifest.Validation.Given valid parameter -Path, it exports an JSON file" time="0.1306" asserts="0" success="True" result="Success" executed="True" />
                  <test-case description="Given an invalid path, it should throw an error" name="Export-VcManifest.Validation.Given an invalid path, it should throw an error" time="0.1543" asserts="0" success="True" result="Success" executed="True" />
                </results>
              </test-suite>
            </results>
          </test-suite>
          <test-suite type="TestFixture" name="Test-Downloads" executed="True" result="Success" success="True" time="13.7294" asserts="0" description="Test-Downloads">
            <results>
              <test-suite type="TestFixture" name="Test-Downloads.Download Redistributables" executed="True" result="Success" success="True" time="0.3028" asserts="0" description="Test-Downloads.Download Redistributables">
                <results>
                  <test-case description="Downloads supported Visual C++ Redistributables" name="Test-Downloads.Download Redistributables.Downloads supported Visual C++ Redistributables" time="0.176" asserts="0" success="True" result="Success" executed="True" />
                </results>
              </test-suite>
            </results>
          </test-suite>
          <test-suite type="TestFixture" name="Save-VcRedist" executed="True" result="Success" success="True" time="15.7591" asserts="0" description="Save-VcRedist">
            <results>
              <test-suite type="TestFixture" name="Save-VcRedist.Download Redistributables" executed="True" result="Success" success="True" time="0.4066" asserts="0" description="Save-VcRedist.Download Redistributables">
                <results>
                  <test-case description="Returns an expected object type to the pipeline" name="Save-VcRedist.Download Redistributables.Returns an expected object type to the pipeline" time="0.2809" asserts="0" success="True" result="Success" executed="True" />
                </results>
              </test-suite>
            </results>
          </test-suite>
          <test-suite type="TestFixture" name="Save-VcRedist pipeline" executed="True" result="Success" success="True" time="17.8585" asserts="0" description="Save-VcRedist pipeline">
            <results>
              <test-suite type="TestFixture" name="Save-VcRedist pipeline.Test pipeline support" executed="True" result="Success" success="True" time="1.6315" asserts="0" description="Save-VcRedist pipeline.Test pipeline support">
                <results>
                  <test-case description="Should not throw when passed via pipeline with no parameters" name="Save-VcRedist pipeline.Test pipeline support.Should not throw when passed via pipeline with no parameters" time="1.5054" asserts="0" success="True" result="Success" executed="True" />
                </results>
              </test-suite>
              <test-suite type="TestFixture" name="Save-VcRedist pipeline.Test fail scenarios" executed="True" result="Success" success="True" time="1.9363" asserts="0" description="Save-VcRedist pipeline.Test fail scenarios">
                <results>
                  <test-case description="Given an invalid path, it should throw an error" name="Save-VcRedist pipeline.Test fail scenarios.Given an invalid path, it should throw an error" time="0.1751" asserts="0" success="True" result="Success" executed="True" />
                </results>
              </test-suite>
            </results>
          </test-suite>
          <test-suite type="TestFixture" name="Import-VcIntuneApplication without IntuneWin32App" executed="True" result="Success" success="True" time="18.3506" asserts="0" description="Import-VcIntuneApplication without IntuneWin32App">
            <results>
              <test-suite type="TestFixture" name="Import-VcIntuneApplication without IntuneWin32App.Validate Import-VcIntuneApplication fail scenarios" executed="True" result="Success" success="True" time="0.3673" asserts="0" description="Import-VcIntuneApplication without IntuneWin32App.Validate Import-VcIntuneApplication fail scenarios">
                <results>
                  <test-case description="Should fail without IntuneWin32App" name="Import-VcIntuneApplication without IntuneWin32App.Validate Import-VcIntuneApplication fail scenarios.Should fail without IntuneWin32App" time="0.2425" asserts="0" success="True" result="Success" executed="True" />
                </results>
              </test-suite>
            </results>
          </test-suite>
          <test-suite type="TestFixture" name="Import-VcIntuneApplication without authentication" executed="True" result="Success" success="True" time="228.3613" asserts="0" description="Import-VcIntuneApplication without authentication">
            <results>
              <test-suite type="TestFixture" name="Import-VcIntuneApplication without authentication.Validate Import-VcIntuneApplication fail scenarios" executed="True" result="Success" success="True" time="0.345" asserts="0" description="Import-VcIntuneApplication without authentication.Validate Import-VcIntuneApplication fail scenarios">
                <results>
                  <test-case description="Should fail without an authentication token" name="Import-VcIntuneApplication without authentication.Validate Import-VcIntuneApplication fail scenarios.Should fail without an authentication token" time="0.2106" asserts="0" success="True" result="Success" executed="True" />
                </results>
              </test-suite>
            </results>
          </test-suite>
        </results>
      </test-suite>
    </results>
  </test-suite>
</test-results>