<?xml version="1.0" encoding="utf-8" standalone="no"?>
<test-results xmlns:xsi="http://www.w3.org/2001/XMLSchema-instance" xsi:noNamespaceSchemaLocation="nunit_schema_2.5.xsd" name="Pester" total="35" errors="0" failures="0" not-run="1" inconclusive="0" ignored="0" skipped="0" invalid="0" date="2022-06-13" time="04:47:06">
  <environment clr-version="4.0.30319.42000" user-domain="fv-az282-849" cwd="D:\a\vcredist\vcredist" platform="Microsoft Windows Server 2022 Datacenter|C:\Windows|\Device\Harddisk0\Partition2" machine-name="fv-az282-849" nunit-version="2.5.8.0" os-version="10.0.20348" user="runneradmin" />
  <culture-info current-culture="en-US" current-uiculture="en-US" />
  <test-suite type="TestFixture" name="Pester" executed="True" result="Success" success="True" time="47.8968" asserts="0" description="Pester">
    <results>
      <test-suite type="TestFixture" name="D:\a\vcredist\vcredist\tests\Module.Tests.ps1" executed="True" result="Success" success="True" time="3.8395" asserts="0" description="D:\a\vcredist\vcredist\tests\Module.Tests.ps1">
        <results>
          <test-suite type="TestFixture" name="Module Metadata validation" executed="True" result="Success" success="True" time="1.6055" asserts="0" description="Module Metadata validation">
            <results>
              <test-suite type="TestFixture" name="Module Metadata validation.File info" executed="True" result="Success" success="True" time="1.4439" asserts="0" description="Module Metadata validation.File info">
                <results>
                  <test-case description="Script fileinfo should be OK" name="Module Metadata validation.File info.Script fileinfo should be OK" time="0.8368" asserts="0" success="True" result="Success" executed="True" />
                  <test-case description="Import module should be OK" name="Module Metadata validation.File info.Import module should be OK" time="0.1546" asserts="0" success="True" result="Success" executed="True" />
                </results>
              </test-suite>
            </results>
          </test-suite>
        </results>
      </test-suite>
      <test-suite type="TestFixture" name="D:\a\vcredist\vcredist\tests\PrivateFunctions.Tests.ps1" executed="True" result="Success" success="True" time="2.9956" asserts="0" description="D:\a\vcredist\vcredist\tests\PrivateFunctions.Tests.ps1">
        <results>
          <test-suite type="TestFixture" name="New-MdtApplicationFolder" executed="True" result="Success" success="True" time="1.6903" asserts="0" description="New-MdtApplicationFolder">
            <results>
              <test-suite type="TestFixture" name="New-MdtApplicationFolder.Application folder exists" executed="True" result="Success" success="True" time="1.4687" asserts="0" description="New-MdtApplicationFolder.Application folder exists">
                <results>
                  <test-case description="Returns True if the Application folder exists" name="New-MdtApplicationFolder.Application folder exists.Returns True if the Application folder exists" time="1.4555" asserts="0" success="True" result="Success" executed="True" />
                </results>
              </test-suite>
              <test-suite type="TestFixture" name="New-MdtApplicationFolder.Creates a new Packages folder" executed="True" result="Success" success="True" time="1.6768" asserts="0" description="New-MdtApplicationFolder.Creates a new Packages folder">
                <results>
                  <test-case description="Successfully creates a Application folder" name="New-MdtApplicationFolder.Creates a new Packages folder.Successfully creates a Application folder" time="0.1927" asserts="0" success="True" result="Success" executed="True" />
                </results>
              </test-suite>
            </results>
          </test-suite>
          <test-suite type="TestFixture" name="Test-PSCore" executed="True" result="Success" success="True" time="1.933" asserts="0" description="Test-PSCore">
            <results>
              <test-suite type="TestFixture" name="Test-PSCore.Tests whether we are running on PowerShell Core" executed="True" result="Success" success="True" time="0.0374" asserts="0" description="Test-PSCore.Tests whether we are running on PowerShell Core">
                <results>
                  <test-case description="Imports the MDT PowerShell module and returns True" name="Test-PSCore.Tests whether we are running on PowerShell Core.Imports the MDT PowerShell module and returns True" time="0.0163" asserts="0" success="True" result="Success" executed="True" />
                </results>
              </test-suite>
              <test-suite type="TestFixture" name="Test-PSCore.Tests whether we are running on Windows PowerShell" executed="True" result="Success" success="True" time="0.1051" asserts="0" description="Test-PSCore.Tests whether we are running on Windows PowerShell">
                <results>
                  <test-case description="Returns False if running Windows PowerShell" name="Test-PSCore.Tests whether we are running on Windows PowerShell.Returns False if running Windows PowerShell" time="0.0559" asserts="0" success="True" result="Success" executed="True" />
                </results>
              </test-suite>
            </results>
          </test-suite>
          <test-suite type="TestFixture" name="New-TemporaryFolder" executed="True" result="Success" success="True" time="2.1319" asserts="0" description="New-TemporaryFolder">
            <results>
              <test-suite type="TestFixture" name="New-TemporaryFolder.Test New-TemporaryFolder" executed="True" result="Success" success="True" time="0.0267" asserts="0" description="New-TemporaryFolder.Test New-TemporaryFolder">
                <results>
                  <test-case description="Creates a temporary directory" name="New-TemporaryFolder.Test New-TemporaryFolder.Creates a temporary directory" time="0.013" asserts="0" success="True" result="Success" executed="True" />
                </results>
              </test-suite>
            </results>
          </test-suite>
        </results>
      </test-suite>
      <test-suite type="TestFixture" name="D:\a\vcredist\vcredist\tests\PublicFunctions.Tests.ps1" executed="True" result="Success" success="True" time="24.9082" asserts="0" description="D:\a\vcredist\vcredist\tests\PublicFunctions.Tests.ps1">
        <results>
          <test-suite type="TestFixture" name="Validate Get-VcList for Visual C++ Redistributable for Visual Studio 2012 Update 4" executed="True" result="Success" success="True" time="0.1106" asserts="0" description="Validate Get-VcList for Visual C++ Redistributable for Visual Studio 2012 Update 4">
            <results>
              <test-suite type="TestFixture" name="Validate Get-VcList for Visual C++ Redistributable for Visual Studio 2012 Update 4.Validate Get-VcList array properties" executed="True" result="Success" success="True" time="0.0969" asserts="0" description="Validate Get-VcList for Visual C++ Redistributable for Visual Studio 2012 Update 4.Validate Get-VcList array properties">
                <results>
                  <test-case description="VcRedist [, ] has expected properties" name="Validate Get-VcList for Visual C++ Redistributable for Visual Studio 2012 Update 4.Validate Get-VcList array properties.VcRedist [, ] has expected properties" time="0.0848" asserts="0" success="True" result="Success" executed="True" />
                </results>
              </test-suite>
            </results>
          </test-suite>
          <test-suite type="TestFixture" name="Validate Get-VcList for Visual C++ Redistributable for Visual Studio 2012 Update 4" executed="True" result="Success" success="True" time="0.1665" asserts="0" description="Validate Get-VcList for Visual C++ Redistributable for Visual Studio 2012 Update 4">
            <results>
              <test-suite type="TestFixture" name="Validate Get-VcList for Visual C++ Redistributable for Visual Studio 2012 Update 4.Validate Get-VcList array properties" executed="True" result="Success" success="True" time="0.0413" asserts="0" description="Validate Get-VcList for Visual C++ Redistributable for Visual Studio 2012 Update 4.Validate Get-VcList array properties">
                <results>
                  <test-case description="VcRedist [, ] has expected properties" name="Validate Get-VcList for Visual C++ Redistributable for Visual Studio 2012 Update 4.Validate Get-VcList array properties.VcRedist [, ] has expected properties" time="0.0296" asserts="0" success="True" result="Success" executed="True" />
                </results>
              </test-suite>
            </results>
          </test-suite>
          <test-suite type="TestFixture" name="Validate Get-VcList for Visual C++ 2013 Update 5 Redistributable Package" executed="True" result="Success" success="True" time="0.2432" asserts="0" description="Validate Get-VcList for Visual C++ 2013 Update 5 Redistributable Package">
            <results>
              <test-suite type="TestFixture" name="Validate Get-VcList for Visual C++ 2013 Update 5 Redistributable Package.Validate Get-VcList array properties" executed="True" result="Success" success="True" time="0.0639" asserts="0" description="Validate Get-VcList for Visual C++ 2013 Update 5 Redistributable Package.Validate Get-VcList array properties">
                <results>
                  <test-case description="VcRedist [, ] has expected properties" name="Validate Get-VcList for Visual C++ 2013 Update 5 Redistributable Package.Validate Get-VcList array properties.VcRedist [, ] has expected properties" time="0.0297" asserts="0" success="True" result="Success" executed="True" />
                </results>
              </test-suite>
            </results>
          </test-suite>
          <test-suite type="TestFixture" name="Validate Get-VcList for Visual C++ 2013 Update 5 Redistributable Package" executed="True" result="Success" success="True" time="0.3025" asserts="0" description="Validate Get-VcList for Visual C++ 2013 Update 5 Redistributable Package">
            <results>
              <test-suite type="TestFixture" name="Validate Get-VcList for Visual C++ 2013 Update 5 Redistributable Package.Validate Get-VcList array properties" executed="True" result="Success" success="True" time="0.0474" asserts="0" description="Validate Get-VcList for Visual C++ 2013 Update 5 Redistributable Package.Validate Get-VcList array properties">
                <results>
                  <test-case description="VcRedist [, ] has expected properties" name="Validate Get-VcList for Visual C++ 2013 Update 5 Redistributable Package.Validate Get-VcList array properties.VcRedist [, ] has expected properties" time="0.0346" asserts="0" success="True" result="Success" executed="True" />
                </results>
              </test-suite>
            </results>
          </test-suite>
          <test-suite type="TestFixture" name="Validate Get-VcList for Visual C++ 2015 Redistributable Update 3" executed="True" result="Success" success="True" time="0.3623" asserts="0" description="Validate Get-VcList for Visual C++ 2015 Redistributable Update 3">
            <results>
              <test-suite type="TestFixture" name="Validate Get-VcList for Visual C++ 2015 Redistributable Update 3.Validate Get-VcList array properties" executed="True" result="Success" success="True" time="0.0444" asserts="0" description="Validate Get-VcList for Visual C++ 2015 Redistributable Update 3.Validate Get-VcList array properties">
                <results>
                  <test-case description="VcRedist [, ] has expected properties" name="Validate Get-VcList for Visual C++ 2015 Redistributable Update 3.Validate Get-VcList array properties.VcRedist [, ] has expected properties" time="0.0311" asserts="0" success="True" result="Success" executed="True" />
                </results>
              </test-suite>
            </results>
          </test-suite>
          <test-suite type="TestFixture" name="Validate Get-VcList for Visual C++ 2015 Redistributable Update 3" executed="True" result="Success" success="True" time="0.4192" asserts="0" description="Validate Get-VcList for Visual C++ 2015 Redistributable Update 3">
            <results>
              <test-suite type="TestFixture" name="Validate Get-VcList for Visual C++ 2015 Redistributable Update 3.Validate Get-VcList array properties" executed="True" result="Success" success="True" time="0.0451" asserts="0" description="Validate Get-VcList for Visual C++ 2015 Redistributable Update 3.Validate Get-VcList array properties">
                <results>
                  <test-case description="VcRedist [, ] has expected properties" name="Validate Get-VcList for Visual C++ 2015 Redistributable Update 3.Validate Get-VcList array properties.VcRedist [, ] has expected properties" time="0.0324" asserts="0" success="True" result="Success" executed="True" />
                </results>
              </test-suite>
            </results>
          </test-suite>
          <test-suite type="TestFixture" name="Validate Get-VcList for Visual C++ Redistributable for Visual Studio 2017" executed="True" result="Success" success="True" time="0.4797" asserts="0" description="Validate Get-VcList for Visual C++ Redistributable for Visual Studio 2017">
            <results>
              <test-suite type="TestFixture" name="Validate Get-VcList for Visual C++ Redistributable for Visual Studio 2017.Validate Get-VcList array properties" executed="True" result="Success" success="True" time="0.0476" asserts="0" description="Validate Get-VcList for Visual C++ Redistributable for Visual Studio 2017.Validate Get-VcList array properties">
                <results>
                  <test-case description="VcRedist [, ] has expected properties" name="Validate Get-VcList for Visual C++ Redistributable for Visual Studio 2017.Validate Get-VcList array properties.VcRedist [, ] has expected properties" time="0.0315" asserts="0" success="True" result="Success" executed="True" />
                </results>
              </test-suite>
            </results>
          </test-suite>
          <test-suite type="TestFixture" name="Validate Get-VcList for Visual C++ Redistributable for Visual Studio 2017" executed="True" result="Success" success="True" time="0.5356" asserts="0" description="Validate Get-VcList for Visual C++ Redistributable for Visual Studio 2017">
            <results>
              <test-suite type="TestFixture" name="Validate Get-VcList for Visual C++ Redistributable for Visual Studio 2017.Validate Get-VcList array properties" executed="True" result="Success" success="True" time="0.0436" asserts="0" description="Validate Get-VcList for Visual C++ Redistributable for Visual Studio 2017.Validate Get-VcList array properties">
                <results>
                  <test-case description="VcRedist [, ] has expected properties" name="Validate Get-VcList for Visual C++ Redistributable for Visual Studio 2017.Validate Get-VcList array properties.VcRedist [, ] has expected properties" time="0.0309" asserts="0" success="True" result="Success" executed="True" />
                </results>
              </test-suite>
            </results>
          </test-suite>
          <test-suite type="TestFixture" name="Validate Get-VcList for Visual C++ Redistributable for Visual Studio 2019" executed="True" result="Success" success="True" time="0.5966" asserts="0" description="Validate Get-VcList for Visual C++ Redistributable for Visual Studio 2019">
            <results>
              <test-suite type="TestFixture" name="Validate Get-VcList for Visual C++ Redistributable for Visual Studio 2019.Validate Get-VcList array properties" executed="True" result="Success" success="True" time="0.0486" asserts="0" description="Validate Get-VcList for Visual C++ Redistributable for Visual Studio 2019.Validate Get-VcList array properties">
                <results>
                  <test-case description="VcRedist [, ] has expected properties" name="Validate Get-VcList for Visual C++ Redistributable for Visual Studio 2019.Validate Get-VcList array properties.VcRedist [, ] has expected properties" time="0.0354" asserts="0" success="True" result="Success" executed="True" />
                </results>
              </test-suite>
            </results>
          </test-suite>
          <test-suite type="TestFixture" name="Validate Get-VcList for Visual C++ Redistributable for Visual Studio 2019" executed="True" result="Success" success="True" time="0.6832" asserts="0" description="Validate Get-VcList for Visual C++ Redistributable for Visual Studio 2019">
            <results>
              <test-suite type="TestFixture" name="Validate Get-VcList for Visual C++ Redistributable for Visual Studio 2019.Validate Get-VcList array properties" executed="True" result="Success" success="True" time="0.0746" asserts="0" description="Validate Get-VcList for Visual C++ Redistributable for Visual Studio 2019.Validate Get-VcList array properties">
                <results>
                  <test-case description="VcRedist [, ] has expected properties" name="Validate Get-VcList for Visual C++ Redistributable for Visual Studio 2019.Validate Get-VcList array properties.VcRedist [, ] has expected properties" time="0.0302" asserts="0" success="True" result="Success" executed="True" />
                </results>
              </test-suite>
            </results>
          </test-suite>
          <test-suite type="TestFixture" name="Validate Get-VcList for Visual C++ Redistributable for Visual Studio 2022" executed="True" result="Success" success="True" time="0.7378" asserts="0" description="Validate Get-VcList for Visual C++ Redistributable for Visual Studio 2022">
            <results>
              <test-suite type="TestFixture" name="Validate Get-VcList for Visual C++ Redistributable for Visual Studio 2022.Validate Get-VcList array properties" executed="True" result="Success" success="True" time="0.0433" asserts="0" description="Validate Get-VcList for Visual C++ Redistributable for Visual Studio 2022.Validate Get-VcList array properties">
                <results>
                  <test-case description="VcRedist [, ] has expected properties" name="Validate Get-VcList for Visual C++ Redistributable for Visual Studio 2022.Validate Get-VcList array properties.VcRedist [, ] has expected properties" time="0.0316" asserts="0" success="True" result="Success" executed="True" />
                </results>
              </test-suite>
            </results>
          </test-suite>
          <test-suite type="TestFixture" name="Validate Get-VcList for Visual C++ Redistributable for Visual Studio 2022" executed="True" result="Success" success="True" time="0.9166" asserts="0" description="Validate Get-VcList for Visual C++ Redistributable for Visual Studio 2022">
            <results>
              <test-suite type="TestFixture" name="Validate Get-VcList for Visual C++ Redistributable for Visual Studio 2022.Validate Get-VcList array properties" executed="True" result="Success" success="True" time="0.1674" asserts="0" description="Validate Get-VcList for Visual C++ Redistributable for Visual Studio 2022.Validate Get-VcList array properties">
                <results>
                  <test-case description="VcRedist [, ] has expected properties" name="Validate Get-VcList for Visual C++ Redistributable for Visual Studio 2022.Validate Get-VcList array properties.VcRedist [, ] has expected properties" time="0.1557" asserts="0" success="True" result="Success" executed="True" />
                </results>
              </test-suite>
            </results>
          </test-suite>
          <test-suite type="TestFixture" name="Validate manifest counts" executed="True" result="Success" success="True" time="1.1558" asserts="0" description="Validate manifest counts">
            <results>
              <test-suite type="TestFixture" name="Validate manifest counts.Return built-in manifest" executed="True" result="Success" success="True" time="0.228" asserts="0" description="Validate manifest counts.Return built-in manifest">
                <results>
                  <test-case description="Given no parameters, it returns supported Visual C++ Redistributables" name="Validate manifest counts.Return built-in manifest.Given no parameters, it returns supported Visual C++ Redistributables" time="0.0926" asserts="0" success="True" result="Success" executed="True" />
                  <test-case description="Given valid parameter -Export All, it returns all Visual C++ Redistributables" name="Validate manifest counts.Return built-in manifest.Given valid parameter -Export All, it returns all Visual C++ Redistributables" time="0.0579" asserts="0" success="True" result="Success" executed="True" />
                  <test-case description="Given valid parameter -Export Supported, it returns all Visual C++ Redistributables" name="Validate manifest counts.Return built-in manifest.Given valid parameter -Export Supported, it returns all Visual C++ Redistributables" time="0.0325" asserts="0" success="True" result="Success" executed="True" />
                  <test-case description="Given valid parameter -Export Unsupported, it returns unsupported Visual C++ Redistributables" name="Validate manifest counts.Return built-in manifest.Given valid parameter -Export Unsupported, it returns unsupported Visual C++ Redistributables" time="0.0328" asserts="0" success="True" result="Success" executed="True" />
                </results>
              </test-suite>
            </results>
          </test-suite>
          <test-suite type="TestFixture" name="Validate manifest scenarios" executed="True" result="Success" success="True" time="1.5606" asserts="0" description="Validate manifest scenarios">
            <results>
              <test-suite type="TestFixture" name="Validate manifest scenarios.Validation" executed="True" result="Success" success="True" time="0.3941" asserts="0" description="Validate manifest scenarios.Validation">
                <results>
                  <test-case description="Given valid parameter -Path, it returns Visual C++ Redistributables from an external manifest" name="Validate manifest scenarios.Validation.Given valid parameter -Path, it returns Visual C++ Redistributables from an external manifest" time="0.0529" asserts="0" success="True" result="Success" executed="True" />
                  <test-case description="Given an JSON file that does not exist, it should throw an error" name="Validate manifest scenarios.Validation.Given an JSON file that does not exist, it should throw an error" time="0.1422" asserts="0" success="True" result="Success" executed="True" />
                  <test-case description="Given an invalid JSON file, should throw an error on read" name="Validate manifest scenarios.Validation.Given an invalid JSON file, should throw an error on read" time="0.1584" asserts="0" success="True" result="Success" executed="True" />
                </results>
              </test-suite>
            </results>
          </test-suite>
          <test-suite type="TestFixture" name="Export-VcManifest" executed="True" result="Success" success="True" time="1.6392" asserts="0" description="Export-VcManifest">
            <results>
              <test-suite type="TestFixture" name="Export-VcManifest.Validation" executed="True" result="Success" success="True" time="0.068" asserts="0" description="Export-VcManifest.Validation">
                <results>
                  <test-case description="Given valid parameter -Path, it exports an JSON file" name="Export-VcManifest.Validation.Given valid parameter -Path, it exports an JSON file" time="0.0109" asserts="0" success="True" result="Success" executed="True" />
                  <test-case description="Given valid parameter -Path, it exports an JSON file" name="Export-VcManifest.Validation.Given valid parameter -Path, it exports an JSON file" time="0.0102" asserts="0" success="True" result="Success" executed="True" />
                  <test-case description="Given an invalid path, it should throw an error" name="Export-VcManifest.Validation.Given an invalid path, it should throw an error" time="0.0163" asserts="0" success="True" result="Success" executed="True" />
                </results>
              </test-suite>
            </results>
          </test-suite>
          <test-suite type="TestFixture" name="Test-Downloads" executed="True" result="Success" success="True" time="5.2478" asserts="0" description="Test-Downloads">
            <results>
              <test-suite type="TestFixture" name="Test-Downloads.Download Redistributables" executed="True" result="Success" success="True" time="0.0382" asserts="0" description="Test-Downloads.Download Redistributables">
                <results>
                  <test-case description="Downloads supported Visual C++ Redistributables" name="Test-Downloads.Download Redistributables.Downloads supported Visual C++ Redistributables" time="0.0267" asserts="0" success="True" result="Success" executed="True" />
                </results>
              </test-suite>
            </results>
          </test-suite>
          <test-suite type="TestFixture" name="Save-VcRedist" executed="True" result="Success" success="True" time="6.6637" asserts="0" description="Save-VcRedist">
            <results>
              <test-suite type="TestFixture" name="Save-VcRedist.Download Redistributables" executed="True" result="Success" success="True" time="0.0797" asserts="0" description="Save-VcRedist.Download Redistributables">
                <results>
                  <test-case description="Returns an expected object type to the pipeline" name="Save-VcRedist.Download Redistributables.Returns an expected object type to the pipeline" time="0.0683" asserts="0" success="True" result="Success" executed="True" />
                </results>
              </test-suite>
            </results>
          </test-suite>
          <test-suite type="TestFixture" name="Save-VcRedist pipeline" executed="True" result="Success" success="True" time="7.9876" asserts="0" description="Save-VcRedist pipeline">
            <results>
              <test-suite type="TestFixture" name="Save-VcRedist pipeline.Test pipeline support" executed="True" result="Success" success="True" time="1.2829" asserts="0" description="Save-VcRedist pipeline.Test pipeline support">
                <results>
                  <test-case description="Should not throw when passed via pipeline with no parameters" name="Save-VcRedist pipeline.Test pipeline support.Should not throw when passed via pipeline with no parameters" time="1.2684" asserts="0" success="True" result="Success" executed="True" />
                </results>
              </test-suite>
              <test-suite type="TestFixture" name="Save-VcRedist pipeline.Test fail scenarios" executed="True" result="Success" success="True" time="1.3073" asserts="0" description="Save-VcRedist pipeline.Test fail scenarios">
                <results>
                  <test-case description="Given an invalid path, it should throw an error" name="Save-VcRedist pipeline.Test fail scenarios.Given an invalid path, it should throw an error" time="0.0136" asserts="0" success="True" result="Success" executed="True" />
                </results>
              </test-suite>
            </results>
          </test-suite>
          <test-suite type="TestFixture" name="Import-VcIntuneApplication without IntuneWin32App" executed="True" result="Success" success="True" time="8.0733" asserts="0" description="Import-VcIntuneApplication without IntuneWin32App">
            <results>
              <test-suite type="TestFixture" name="Import-VcIntuneApplication without IntuneWin32App.Validate Import-VcIntuneApplication fail scenarios" executed="True" result="Success" success="True" time="0.075" asserts="0" description="Import-VcIntuneApplication without IntuneWin32App.Validate Import-VcIntuneApplication fail scenarios">
                <results>
                  <test-case description="Should fail without IntuneWin32App" name="Import-VcIntuneApplication without IntuneWin32App.Validate Import-VcIntuneApplication fail scenarios.Should fail without IntuneWin32App" time="0.0638" asserts="0" success="True" result="Success" executed="True" />
                </results>
              </test-suite>
            </results>
          </test-suite>
          <test-suite type="TestFixture" name="Import-VcIntuneApplication without authentication" executed="True" result="Success" success="True" time="16.8068" asserts="0" description="Import-VcIntuneApplication without authentication">
            <results>
              <test-suite type="TestFixture" name="Import-VcIntuneApplication without authentication.Validate Import-VcIntuneApplication fail scenarios" executed="True" result="Success" success="True" time="0.1069" asserts="0" description="Import-VcIntuneApplication without authentication.Validate Import-VcIntuneApplication fail scenarios">
                <results>
                  <test-case description="Should fail without an authentication token" name="Import-VcIntuneApplication without authentication.Validate Import-VcIntuneApplication fail scenarios.Should fail without an authentication token" time="0.0894" asserts="0" success="True" result="Success" executed="True" />
                </results>
              </test-suite>
            </results>
          </test-suite>
        </results>
      </test-suite>
    </results>
  </test-suite>
</test-results>